#
# There is insufficient memory for the Java Runtime Environment to continue.
# Native memory allocation (malloc) failed to allocate 1182384 bytes. Error detail: Chunk::new
# Possible reasons:
#   The system is out of physical RAM or swap space
#   This process is running with CompressedOops enabled, and the Java Heap may be blocking the growth of the native heap
# Possible solutions:
#   Reduce memory load on the system
#   Increase physical memory or swap space
#   Check if swap backing store is full
#   Decrease Java heap size (-Xmx/-Xms)
#   Decrease number of Java threads
#   Decrease Java thread stack sizes (-Xss)
#   Set larger code cache with -XX:ReservedCodeCacheSize=
#   JVM is running with Zero Based Compressed Oops mode in which the Java heap is
#     placed in the first 32GB address space. The Java Heap base address is the
#     maximum limit for the native heap growth. Please use -XX:HeapBaseMinAddress
#     to set the Java Heap base and to place the Java Heap above 32GB virtual address.
# This output file may be truncated or incomplete.
#
#  Out of Memory Error (arena.cpp:191), pid=17212, tid=20540
#
# JRE version: OpenJDK Runtime Environment Microsoft-11926163 (17.0.16+8) (build 17.0.16+8-LTS)
# Java VM: OpenJDK 64-Bit Server VM Microsoft-11926163 (17.0.16+8-LTS, mixed mode, sharing, tiered, compressed oops, compressed class ptrs, g1 gc, windows-amd64)
# No core dump will be written. Minidumps are not enabled by default on client versions of Windows
#

---------------  S U M M A R Y ------------

Command Line: --add-opens=java.base/java.lang=ALL-UNNAMED --add-opens=java.base/java.lang.invoke=ALL-UNNAMED --add-opens=java.base/java.util=ALL-UNNAMED --add-opens=java.prefs/java.util.prefs=ALL-UNNAMED --add-exports=jdk.compiler/com.sun.tools.javac.api=ALL-UNNAMED --add-exports=jdk.compiler/com.sun.tools.javac.util=ALL-UNNAMED --add-opens=java.base/java.util=ALL-UNNAMED --add-opens=java.prefs/java.util.prefs=ALL-UNNAMED --add-opens=java.base/java.nio.charset=ALL-UNNAMED --add-opens=java.base/java.net=ALL-UNNAMED --add-opens=java.base/java.util.concurrent.atomic=ALL-UNNAMED --add-opens=java.xml/javax.xml.namespace=ALL-UNNAMED -Xmx4096m -Dfile.encoding=UTF-8 -Duser.country=419 -Duser.language=es -Duser.variant -javaagent:C:\Users\GyoMok\.gradle\wrapper\dists\gradle-8.13-bin\5xuhj0ry160q40clulazy9h7d\gradle-8.13\lib\agents\gradle-instrumentation-agent-8.13.jar org.gradle.launcher.daemon.bootstrap.GradleDaemon 8.13

Host: AMD Ryzen 3 3200G with Radeon Vega Graphics    , 4 cores, 13G,  Windows 11 , 64 bit Build 26100 (10.0.26100.6725)
Time: Sat Oct 18 21:21:39 2025 Hora verano Sudamérica Pacífico elapsed time: 87.590436 seconds (0d 0h 1m 27s)

---------------  T H R E A D  ---------------

Current thread (0x0000024ce010e240):  JavaThread "C2 CompilerThread1" daemon [_thread_in_native, id=20540, stack(0x00000091f9d00000,0x00000091f9e00000)]


Current CompileTask:
C2:  87590 26698 % !   4       com.android.ide.common.resources.DataMerger::mergeData @ 247 (611 bytes)

Stack: [0x00000091f9d00000,0x00000091f9e00000]
Native frames: (J=compiled Java code, j=interpreted, Vv=VM code, C=native code)
V  [jvm.dll+0x68ee19]
V  [jvm.dll+0x846249]
V  [jvm.dll+0x847fb8]
V  [jvm.dll+0x848643]
V  [jvm.dll+0x24cf6f]
V  [jvm.dll+0xaecb6]
V  [jvm.dll+0xaf35c]
V  [jvm.dll+0x37139e]
V  [jvm.dll+0x33b7a5]
V  [jvm.dll+0x33ac0a]
V  [jvm.dll+0x21df29]
V  [jvm.dll+0x21d36d]
V  [jvm.dll+0x1a8ce6]
V  [jvm.dll+0x22db1b]
V  [jvm.dll+0x22bca6]
V  [jvm.dll+0x7fba9b]
V  [jvm.dll+0x7f5e9c]
V  [jvm.dll+0x68dd27]
C  [ucrtbase.dll+0x37b0]
C  [KERNEL32.DLL+0x2e8d7]
C  [ntdll.dll+0x8c53c]


---------------  P R O C E S S  ---------------

Threads class SMR info:
_java_thread_list=0x0000024cdf528bb0, length=78, elements={
0x0000024cf45d95b0, 0x0000024cffe24290, 0x0000024cffe25500, 0x0000024cffe38d60,
0x0000024cffe3b640, 0x0000024cffe3bf10, 0x0000024cffe3cf80, 0x0000024cffe41280,
0x0000024cffe430c0, 0x0000024cffe5e430, 0x0000024cffe0fe70, 0x0000024cdc1b0960,
0x0000024cdd3856a0, 0x0000024cdd7c6c90, 0x0000024cdd854040, 0x0000024cdda1f030,
0x0000024cdd9634f0, 0x0000024cdd964420, 0x0000024cdd9620b0, 0x0000024cdd961690,
0x0000024cdd962ad0, 0x0000024cdf612000, 0x0000024cdf613e60, 0x0000024cdf613440,
0x0000024cdf613950, 0x0000024cdf612f30, 0x0000024cdf614d90, 0x0000024ce1a02730,
0x0000024ce1a04aa0, 0x0000024cefb793d0, 0x0000024ce19ffeb0, 0x0000024ce142e670,
0x0000024ce142f090, 0x0000024cf0e77590, 0x0000024cf0e77fb0, 0x0000024cf0e77080,
0x0000024cf0e784c0, 0x0000024cf0e7a830, 0x0000024cf0e7a320, 0x0000024cf0e78ee0,
0x0000024cf0e789d0, 0x0000024cf0e793f0, 0x0000024cf0e79900, 0x0000024cf0e79e10,
0x0000024cefb784a0, 0x0000024cefb77f90, 0x0000024cefb79df0, 0x0000024cefb7a810,
0x0000024cefb7a300, 0x0000024cefb7bc50, 0x0000024cefb789b0, 0x0000024cefb7c670,
0x0000024cefb78ec0, 0x0000024cefb7cb80, 0x0000024cefb7dab0, 0x0000024cefb7d5a0,
0x0000024cefb7dfc0, 0x0000024cefb7e4d0, 0x0000024cdf614880, 0x0000024cdf6110d0,
0x0000024cdf612510, 0x0000024cdf6115e0, 0x0000024cdf611af0, 0x0000024cdf618a50,
0x0000024cdf6161d0, 0x0000024cdf6166e0, 0x0000024cdf616bf0, 0x0000024cdf617100,
0x0000024cdf617610, 0x0000024ce1429f90, 0x0000024ce142a4a0, 0x0000024ce1428130,
0x0000024ce1428b50, 0x0000024ce142bdf0, 0x0000024ce142d740, 0x0000024ce142f5a0,
0x0000024ce142e160, 0x0000024ce010e240
}

Java Threads: ( => current thread )
  0x0000024cf45d95b0 JavaThread "main" [_thread_blocked, id=10912, stack(0x00000091f6800000,0x00000091f6900000)]
  0x0000024cffe24290 JavaThread "Reference Handler" daemon [_thread_blocked, id=8396, stack(0x00000091f6f00000,0x00000091f7000000)]
  0x0000024cffe25500 JavaThread "Finalizer" daemon [_thread_blocked, id=13440, stack(0x00000091f7000000,0x00000091f7100000)]
  0x0000024cffe38d60 JavaThread "Signal Dispatcher" daemon [_thread_blocked, id=12636, stack(0x00000091f7100000,0x00000091f7200000)]
  0x0000024cffe3b640 JavaThread "Attach Listener" daemon [_thread_blocked, id=20304, stack(0x00000091f7200000,0x00000091f7300000)]
  0x0000024cffe3bf10 JavaThread "Service Thread" daemon [_thread_blocked, id=20332, stack(0x00000091f7300000,0x00000091f7400000)]
  0x0000024cffe3cf80 JavaThread "Monitor Deflation Thread" daemon [_thread_blocked, id=20576, stack(0x00000091f7400000,0x00000091f7500000)]
  0x0000024cffe41280 JavaThread "C2 CompilerThread0" daemon [_thread_in_native, id=17628, stack(0x00000091f7500000,0x00000091f7600000)]
  0x0000024cffe430c0 JavaThread "C1 CompilerThread0" daemon [_thread_in_vm, id=6232, stack(0x00000091f7600000,0x00000091f7700000)]
  0x0000024cffe5e430 JavaThread "Sweeper thread" daemon [_thread_blocked, id=21280, stack(0x00000091f7700000,0x00000091f7800000)]
  0x0000024cffe0fe70 JavaThread "Common-Cleaner" daemon [_thread_blocked, id=8200, stack(0x00000091f7800000,0x00000091f7900000)]
  0x0000024cdc1b0960 JavaThread "Notification Thread" daemon [_thread_blocked, id=972, stack(0x00000091f7900000,0x00000091f7a00000)]
  0x0000024cdd3856a0 JavaThread "Daemon health stats" [_thread_blocked, id=11128, stack(0x00000091f7f00000,0x00000091f8000000)]
  0x0000024cdd7c6c90 JavaThread "Incoming local TCP Connector on port 50765" [_thread_in_native, id=11560, stack(0x00000091f8000000,0x00000091f8100000)]
  0x0000024cdd854040 JavaThread "Daemon periodic checks" [_thread_blocked, id=16844, stack(0x00000091f8100000,0x00000091f8200000)]
  0x0000024cdda1f030 JavaThread "Daemon" [_thread_blocked, id=10324, stack(0x00000091f8200000,0x00000091f8300000)]
  0x0000024cdd9634f0 JavaThread "Daemon worker" [_thread_blocked, id=11632, stack(0x00000091f8500000,0x00000091f8600000)]
  0x0000024cdd964420 JavaThread "Cache worker for journal cache (C:\Users\GyoMok\.gradle\caches\journal-1)" [_thread_blocked, id=6152, stack(0x00000091f7e00000,0x00000091f7f00000)]
  0x0000024cdd9620b0 JavaThread "File lock request listener" [_thread_in_native, id=4596, stack(0x00000091f8900000,0x00000091f8a00000)]
  0x0000024cdd961690 JavaThread "Cache worker for file hash cache (C:\Users\GyoMok\.gradle\caches\8.13\fileHashes)" [_thread_blocked, id=13348, stack(0x00000091f8a00000,0x00000091f8b00000)]
  0x0000024cdd962ad0 JavaThread "File watcher server" daemon [_thread_in_native, id=3268, stack(0x00000091f8e00000,0x00000091f8f00000)]
  0x0000024cdf612000 JavaThread "File watcher consumer" daemon [_thread_blocked, id=20124, stack(0x00000091f8f00000,0x00000091f9000000)]
  0x0000024cdf613e60 JavaThread "jar transforms" [_thread_blocked, id=10196, stack(0x00000091f9000000,0x00000091f9100000)]
  0x0000024cdf613440 JavaThread "jar transforms Thread 2" [_thread_blocked, id=13704, stack(0x00000091f9100000,0x00000091f9200000)]
  0x0000024cdf613950 JavaThread "jar transforms Thread 3" [_thread_blocked, id=9152, stack(0x00000091f9200000,0x00000091f9300000)]
  0x0000024cdf612f30 JavaThread "jar transforms Thread 4" [_thread_blocked, id=16696, stack(0x00000091f9300000,0x00000091f9400000)]
  0x0000024cdf614d90 JavaThread "Cache worker for file content cache (C:\Users\GyoMok\.gradle\caches\8.13\fileContent)" [_thread_blocked, id=18076, stack(0x00000091f9600000,0x00000091f9700000)]
  0x0000024ce1a02730 JavaThread "Memory manager" [_thread_blocked, id=1168, stack(0x00000091fa400000,0x00000091fa500000)]
  0x0000024ce1a04aa0 JavaThread "pool-3-thread-1" [_thread_blocked, id=11488, stack(0x00000091fbc00000,0x00000091fbd00000)]
  0x0000024cefb793d0 JavaThread "included builds" [_thread_blocked, id=4056, stack(0x00000091fb700000,0x00000091fb800000)]
  0x0000024ce19ffeb0 JavaThread "VFS cleanup" [_thread_blocked, id=14852, stack(0x00000091f8600000,0x00000091f8700000)]
  0x0000024ce142e670 JavaThread "pool-6-thread-1" [_thread_blocked, id=19816, stack(0x00000091fac00000,0x00000091fad00000)]
  0x0000024ce142f090 JavaThread "included builds" [_thread_blocked, id=17704, stack(0x00000091fad00000,0x00000091fae00000)]
  0x0000024cf0e77590 JavaThread "Handler for socket connection from /127.0.0.1:50765 to /127.0.0.1:62041" [_thread_in_native, id=7372, stack(0x00000091f6500000,0x00000091f6600000)]
  0x0000024cf0e77fb0 JavaThread "Cancel handler" [_thread_blocked, id=19112, stack(0x00000091f6600000,0x00000091f6700000)]
  0x0000024cf0e77080 JavaThread "Asynchronous log dispatcher for DefaultDaemonConnection: socket connection from /127.0.0.1:50765 to /127.0.0.1:62041" [_thread_blocked, id=16672, stack(0x00000091f6700000,0x00000091f6800000)]
  0x0000024cf0e784c0 JavaThread "Stdin handler" [_thread_blocked, id=20760, stack(0x00000091f8300000,0x00000091f8400000)]
  0x0000024cf0e7a830 JavaThread "Daemon client event forwarder" [_thread_blocked, id=9520, stack(0x00000091f8400000,0x00000091f8500000)]
  0x0000024cf0e7a320 JavaThread "Cache worker for file hash cache (C:\Users\GyoMok\Documents\ProyectoAppsMoviles\.gradle\8.13\fileHashes)" [_thread_blocked, id=19840, stack(0x00000091f8700000,0x00000091f8800000)]
  0x0000024cf0e78ee0 JavaThread "Cache worker for Build Output Cleanup Cache (C:\Users\GyoMok\Documents\ProyectoAppsMoviles\.gradle\buildOutputCleanup)" [_thread_blocked, id=17148, stack(0x00000091f8800000,0x00000091f8900000)]
  0x0000024cf0e789d0 JavaThread "Cache worker for checksums cache (C:\Users\GyoMok\Documents\ProyectoAppsMoviles\.gradle\8.13\checksums)" [_thread_blocked, id=12460, stack(0x00000091f8b00000,0x00000091f8c00000)]
  0x0000024cf0e793f0 JavaThread "Cache worker for cache directory md-supplier (C:\Users\GyoMok\.gradle\caches\8.13\md-supplier)" [_thread_blocked, id=20440, stack(0x00000091f8c00000,0x00000091f8d00000)]
  0x0000024cf0e79900 JavaThread "Cache worker for cache directory md-rule (C:\Users\GyoMok\.gradle\caches\8.13\md-rule)" [_thread_blocked, id=18328, stack(0x00000091f8d00000,0x00000091f8e00000)]
  0x0000024cf0e79e10 JavaThread "Unconstrained build operations" [_thread_blocked, id=18516, stack(0x00000091f9500000,0x00000091f9600000)]
  0x0000024cefb784a0 JavaThread "Unconstrained build operations Thread 2" [_thread_blocked, id=18700, stack(0x00000091f9700000,0x00000091f9800000)]
  0x0000024cefb77f90 JavaThread "Unconstrained build operations Thread 3" [_thread_blocked, id=14892, stack(0x00000091f9800000,0x00000091f9900000)]
  0x0000024cefb79df0 JavaThread "Unconstrained build operations Thread 4" [_thread_blocked, id=8156, stack(0x00000091f9900000,0x00000091f9a00000)]
  0x0000024cefb7a810 JavaThread "Unconstrained build operations Thread 5" [_thread_blocked, id=18656, stack(0x00000091f9a00000,0x00000091f9b00000)]
  0x0000024cefb7a300 JavaThread "Unconstrained build operations Thread 6" [_thread_blocked, id=14984, stack(0x00000091f9b00000,0x00000091f9c00000)]
  0x0000024cefb7bc50 JavaThread "Unconstrained build operations Thread 7" [_thread_blocked, id=15588, stack(0x00000091f9e00000,0x00000091f9f00000)]
  0x0000024cefb789b0 JavaThread "Unconstrained build operations Thread 8" [_thread_blocked, id=18612, stack(0x00000091f9f00000,0x00000091fa000000)]
  0x0000024cefb7c670 JavaThread "Unconstrained build operations Thread 9" [_thread_blocked, id=17908, stack(0x00000091fa000000,0x00000091fa100000)]
  0x0000024cefb78ec0 JavaThread "Unconstrained build operations Thread 10" [_thread_blocked, id=19536, stack(0x00000091fa100000,0x00000091fa200000)]
  0x0000024cefb7cb80 JavaThread "Unconstrained build operations Thread 11" [_thread_blocked, id=21384, stack(0x00000091fa200000,0x00000091fa300000)]
  0x0000024cefb7dab0 JavaThread "Unconstrained build operations Thread 12" [_thread_blocked, id=19740, stack(0x00000091fa500000,0x00000091fa600000)]
  0x0000024cefb7d5a0 JavaThread "Unconstrained build operations Thread 13" [_thread_blocked, id=9332, stack(0x00000091fa600000,0x00000091fa700000)]
  0x0000024cefb7dfc0 JavaThread "Unconstrained build operations Thread 14" [_thread_blocked, id=4788, stack(0x00000091fa700000,0x00000091fa800000)]
  0x0000024cefb7e4d0 JavaThread "Unconstrained build operations Thread 15" [_thread_blocked, id=10112, stack(0x00000091fa800000,0x00000091fa900000)]
  0x0000024cdf614880 JavaThread "Unconstrained build operations Thread 16" [_thread_blocked, id=19248, stack(0x00000091fa900000,0x00000091faa00000)]
  0x0000024cdf6110d0 JavaThread "Unconstrained build operations Thread 17" [_thread_blocked, id=11492, stack(0x00000091faa00000,0x00000091fab00000)]
  0x0000024cdf612510 JavaThread "Unconstrained build operations Thread 18" [_thread_blocked, id=18728, stack(0x00000091fab00000,0x00000091fac00000)]
  0x0000024cdf6115e0 JavaThread "build event listener" [_thread_blocked, id=20016, stack(0x00000091fae00000,0x00000091faf00000)]
  0x0000024cdf611af0 JavaThread "build event listener" [_thread_blocked, id=3460, stack(0x00000091faf00000,0x00000091fb000000)]
  0x0000024cdf618a50 JavaThread "pool-9-thread-1" [_thread_blocked, id=20872, stack(0x00000091fb000000,0x00000091fb100000)]
  0x0000024cdf6161d0 JavaThread "build event listener" [_thread_blocked, id=18520, stack(0x00000091fb100000,0x00000091fb200000)]
  0x0000024cdf6166e0 JavaThread "included builds" [_thread_in_Java, id=21308, stack(0x00000091fb200000,0x00000091fb300000)]
  0x0000024cdf616bf0 JavaThread "Execution worker" [_thread_blocked, id=8264, stack(0x00000091fb300000,0x00000091fb400000)]
  0x0000024cdf617100 JavaThread "Execution worker Thread 2" [_thread_blocked, id=3028, stack(0x00000091fb400000,0x00000091fb500000)]
  0x0000024cdf617610 JavaThread "Execution worker Thread 3" [_thread_blocked, id=8136, stack(0x00000091fb500000,0x00000091fb600000)]
  0x0000024ce1429f90 JavaThread "Cache worker for execution history cache (C:\Users\GyoMok\Documents\ProyectoAppsMoviles\.gradle\8.13\executionHistory)" [_thread_blocked, id=14432, stack(0x00000091fb600000,0x00000091fb700000)]
  0x0000024ce142a4a0 JavaThread "Unconstrained build operations Thread 19" [_thread_blocked, id=13992, stack(0x00000091fba00000,0x00000091fbb00000)]
  0x0000024ce1428130 JavaThread "Unconstrained build operations Thread 20" [_thread_blocked, id=11476, stack(0x00000091fbb00000,0x00000091fbc00000)]
  0x0000024ce1428b50 JavaThread "Unconstrained build operations Thread 21" [_thread_blocked, id=20952, stack(0x00000091fbd00000,0x00000091fbe00000)]
  0x0000024ce142bdf0 JavaThread "WorkerExecutor Queue" [_thread_blocked, id=13268, stack(0x00000091fbe00000,0x00000091fbf00000)]
  0x0000024ce142d740 JavaThread "Unconstrained build operations Thread 22" [_thread_blocked, id=14344, stack(0x00000091fbf00000,0x00000091fc000000)]
  0x0000024ce142f5a0 JavaThread "Unconstrained build operations Thread 23" [_thread_blocked, id=13792, stack(0x00000091fc000000,0x00000091fc100000)]
  0x0000024ce142e160 JavaThread "Unconstrained build operations Thread 24" [_thread_blocked, id=18592, stack(0x00000091fc100000,0x00000091fc200000)]
=>0x0000024ce010e240 JavaThread "C2 CompilerThread1" daemon [_thread_in_native, id=20540, stack(0x00000091f9d00000,0x00000091f9e00000)]

Other Threads:
  0x0000024cffe1eb00 VMThread "VM Thread" [stack: 0x00000091f6e00000,0x00000091f6f00000] [id=6348]
  0x0000024cf45da340 WatcherThread [stack: 0x00000091f7a00000,0x00000091f7b00000] [id=21328]
  0x0000024cf4646f10 GCTaskThread "GC Thread#0" [stack: 0x00000091f6900000,0x00000091f6a00000] [id=19700]
  0x0000024cdc2bbb00 GCTaskThread "GC Thread#1" [stack: 0x00000091f7b00000,0x00000091f7c00000] [id=6196]
  0x0000024cdc2bbdc0 GCTaskThread "GC Thread#2" [stack: 0x00000091f7c00000,0x00000091f7d00000] [id=4104]
  0x0000024cdc2eb240 GCTaskThread "GC Thread#3" [stack: 0x00000091f7d00000,0x00000091f7e00000] [id=11108]
  0x0000024cf4658a40 ConcurrentGCThread "G1 Main Marker" [stack: 0x00000091f6a00000,0x00000091f6b00000] [id=14848]
  0x0000024cf4659370 ConcurrentGCThread "G1 Conc#0" [stack: 0x00000091f6b00000,0x00000091f6c00000] [id=21356]
  0x0000024cffcda510 ConcurrentGCThread "G1 Refine#0" [stack: 0x00000091f6c00000,0x00000091f6d00000] [id=8176]
  0x0000024cdf7207a0 ConcurrentGCThread "G1 Refine#1" [stack: 0x00000091f9400000,0x00000091f9500000] [id=15728]
  0x0000024cdeb33890 ConcurrentGCThread "G1 Refine#2" [stack: 0x00000091f9c00000,0x00000091f9d00000] [id=21148]
  0x0000024cdeb361b0 ConcurrentGCThread "G1 Refine#3" [stack: 0x00000091fa300000,0x00000091fa400000] [id=5744]
  0x0000024cffcdbc00 ConcurrentGCThread "G1 Service" [stack: 0x00000091f6d00000,0x00000091f6e00000] [id=21268]

Threads with active compile tasks:
C2 CompilerThread0    87623 26720       4       com.sun.org.apache.xerces.internal.dom.ParentNode::internalInsertBefore (651 bytes)
C1 CompilerThread0    87623 26755       3       com.android.utils.XmlUtils::append (597 bytes)
C2 CompilerThread1    87623 26698 % !   4       com.android.ide.common.resources.DataMerger::mergeData @ 247 (611 bytes)

VM state: not at safepoint (normal execution)

VM Mutex/Monitor currently owned by a thread: None

Heap address: 0x0000000700000000, size: 4096 MB, Compressed Oops mode: Zero based, Oop shift amount: 3

CDS archive(s) mapped at: [0x0000024c97000000-0x0000024c97bb0000-0x0000024c97bb0000), size 12255232, SharedBaseAddress: 0x0000024c97000000, ArchiveRelocationMode: 1.
Compressed class space mapped at: 0x0000024c98000000-0x0000024cd8000000, reserved size: 1073741824
Narrow klass base: 0x0000024c97000000, Narrow klass shift: 0, Narrow klass range: 0x100000000

GC Precious Log:
 CPUs: 4 total, 4 available
 Memory: 14269M
 Large Page Support: Disabled
 NUMA Support: Disabled
 Compressed Oops: Enabled (Zero based)
 Heap Region Size: 2M
 Heap Min Capacity: 8M
 Heap Initial Capacity: 224M
 Heap Max Capacity: 4G
 Pre-touch: Disabled
 Parallel Workers: 4
 Concurrent Workers: 1
 Concurrent Refinement Workers: 4
 Periodic GC: Disabled

Heap:
 garbage-first heap   total 436224K, used 349418K [0x0000000700000000, 0x0000000800000000)
  region size 2048K, 19 young (38912K), 4 survivors (8192K)
 Metaspace       used 193307K, committed 194944K, reserved 1245184K
  class space    used 24496K, committed 25280K, reserved 1048576K

Heap Regions: E=young(eden), S=young(survivor), O=old, HS=humongous(starts), HC=humongous(continues), CS=collection set, F=free, OA=open archive, CA=closed archive, TAMS=top-at-mark-start (previous, next)
|   0|0x0000000700000000, 0x0000000700200000, 0x0000000700200000|100%|HS|  |TAMS 0x0000000700200000, 0x0000000700000000| Complete 
|   1|0x0000000700200000, 0x0000000700400000, 0x0000000700400000|100%|HC|  |TAMS 0x0000000700400000, 0x0000000700200000| Complete 
|   2|0x0000000700400000, 0x0000000700600000, 0x0000000700600000|100%| O|  |TAMS 0x0000000700600000, 0x0000000700400000| Untracked 
|   3|0x0000000700600000, 0x0000000700800000, 0x0000000700800000|100%| O|  |TAMS 0x0000000700800000, 0x0000000700600000| Untracked 
|   4|0x0000000700800000, 0x0000000700a00000, 0x0000000700a00000|100%| O|  |TAMS 0x0000000700a00000, 0x0000000700800000| Untracked 
|   5|0x0000000700a00000, 0x0000000700c00000, 0x0000000700c00000|100%| O|  |TAMS 0x0000000700c00000, 0x0000000700a00000| Untracked 
|   6|0x0000000700c00000, 0x0000000700e00000, 0x0000000700e00000|100%| O|  |TAMS 0x0000000700e00000, 0x0000000700c00000| Untracked 
|   7|0x0000000700e00000, 0x0000000701000000, 0x0000000701000000|100%| O|  |TAMS 0x0000000701000000, 0x0000000700e00000| Untracked 
|   8|0x0000000701000000, 0x0000000701200000, 0x0000000701200000|100%| O|  |TAMS 0x0000000701200000, 0x0000000701000000| Untracked 
|   9|0x0000000701200000, 0x0000000701400000, 0x0000000701400000|100%| O|  |TAMS 0x0000000701400000, 0x0000000701200000| Untracked 
|  10|0x0000000701400000, 0x0000000701600000, 0x0000000701600000|100%| O|  |TAMS 0x0000000701600000, 0x0000000701400000| Untracked 
|  11|0x0000000701600000, 0x0000000701800000, 0x0000000701800000|100%|HS|  |TAMS 0x0000000701800000, 0x0000000701600000| Complete 
|  12|0x0000000701800000, 0x0000000701a00000, 0x0000000701a00000|100%|HC|  |TAMS 0x0000000701a00000, 0x0000000701800000| Complete 
|  13|0x0000000701a00000, 0x0000000701c00000, 0x0000000701c00000|100%|HC|  |TAMS 0x0000000701c00000, 0x0000000701a00000| Complete 
|  14|0x0000000701c00000, 0x0000000701e00000, 0x0000000701e00000|100%|HS|  |TAMS 0x0000000701e00000, 0x0000000701c00000| Complete 
|  15|0x0000000701e00000, 0x0000000702000000, 0x0000000702000000|100%|HC|  |TAMS 0x0000000702000000, 0x0000000701e00000| Complete 
|  16|0x0000000702000000, 0x0000000702200000, 0x0000000702200000|100%|HS|  |TAMS 0x0000000702200000, 0x0000000702000000| Complete 
|  17|0x0000000702200000, 0x0000000702400000, 0x0000000702400000|100%|HS|  |TAMS 0x0000000702400000, 0x0000000702200000| Complete 
|  18|0x0000000702400000, 0x0000000702600000, 0x0000000702600000|100%|HC|  |TAMS 0x0000000702600000, 0x0000000702400000| Complete 
|  19|0x0000000702600000, 0x0000000702800000, 0x0000000702800000|100%|HC|  |TAMS 0x0000000702800000, 0x0000000702600000| Complete 
|  20|0x0000000702800000, 0x0000000702a00000, 0x0000000702a00000|100%| O|  |TAMS 0x0000000702a00000, 0x0000000702800000| Untracked 
|  21|0x0000000702a00000, 0x0000000702c00000, 0x0000000702c00000|100%|HS|  |TAMS 0x0000000702c00000, 0x0000000702a00000| Complete 
|  22|0x0000000702c00000, 0x0000000702e00000, 0x0000000702e00000|100%|HC|  |TAMS 0x0000000702e00000, 0x0000000702c00000| Complete 
|  23|0x0000000702e00000, 0x0000000703000000, 0x0000000703000000|100%| O|  |TAMS 0x0000000703000000, 0x0000000702e00000| Untracked 
|  24|0x0000000703000000, 0x0000000703200000, 0x0000000703200000|100%| O|  |TAMS 0x0000000703200000, 0x0000000703000000| Untracked 
|  25|0x0000000703200000, 0x0000000703400000, 0x0000000703400000|100%| O|  |TAMS 0x0000000703400000, 0x0000000703200000| Untracked 
|  26|0x0000000703400000, 0x0000000703600000, 0x0000000703600000|100%|HS|  |TAMS 0x0000000703600000, 0x0000000703400000| Complete 
|  27|0x0000000703600000, 0x0000000703800000, 0x0000000703800000|100%| O|  |TAMS 0x0000000703800000, 0x0000000703600000| Untracked 
|  28|0x0000000703800000, 0x0000000703a00000, 0x0000000703a00000|100%|HS|  |TAMS 0x0000000703800000, 0x0000000703800000| Complete 
|  29|0x0000000703a00000, 0x0000000703c00000, 0x0000000703c00000|100%| O|  |TAMS 0x0000000703c00000, 0x0000000703a00000| Untracked 
|  30|0x0000000703c00000, 0x0000000703e00000, 0x0000000703e00000|100%| O|  |TAMS 0x0000000703e00000, 0x0000000703c00000| Untracked 
|  31|0x0000000703e00000, 0x0000000704000000, 0x0000000704000000|100%|HS|  |TAMS 0x0000000704000000, 0x0000000703e00000| Complete 
|  32|0x0000000704000000, 0x0000000704200000, 0x0000000704200000|100%| O|  |TAMS 0x0000000704200000, 0x0000000704000000| Untracked 
|  33|0x0000000704200000, 0x0000000704400000, 0x0000000704400000|100%| O|  |TAMS 0x0000000704400000, 0x0000000704200000| Untracked 
|  34|0x0000000704400000, 0x0000000704600000, 0x0000000704600000|100%| O|  |TAMS 0x0000000704600000, 0x0000000704400000| Untracked 
|  35|0x0000000704600000, 0x0000000704800000, 0x0000000704800000|100%| O|  |TAMS 0x0000000704800000, 0x0000000704600000| Untracked 
|  36|0x0000000704800000, 0x0000000704a00000, 0x0000000704a00000|100%| O|  |TAMS 0x0000000704a00000, 0x0000000704800000| Untracked 
|  37|0x0000000704a00000, 0x0000000704c00000, 0x0000000704c00000|100%| O|  |TAMS 0x0000000704c00000, 0x0000000704a00000| Untracked 
|  38|0x0000000704c00000, 0x0000000704e00000, 0x0000000704e00000|100%|HS|  |TAMS 0x0000000704e00000, 0x0000000704c00000| Complete 
|  39|0x0000000704e00000, 0x0000000705000000, 0x0000000705000000|100%|HC|  |TAMS 0x0000000705000000, 0x0000000704e00000| Complete 
|  40|0x0000000705000000, 0x0000000705200000, 0x0000000705200000|100%|HC|  |TAMS 0x0000000705200000, 0x0000000705000000| Complete 
|  41|0x0000000705200000, 0x0000000705400000, 0x0000000705400000|100%| O|  |TAMS 0x0000000705400000, 0x0000000705200000| Untracked 
|  42|0x0000000705400000, 0x0000000705600000, 0x0000000705600000|100%| O|  |TAMS 0x0000000705600000, 0x0000000705400000| Untracked 
|  43|0x0000000705600000, 0x0000000705800000, 0x0000000705800000|100%| O|  |TAMS 0x0000000705800000, 0x0000000705600000| Untracked 
|  44|0x0000000705800000, 0x0000000705a00000, 0x0000000705a00000|100%|HS|  |TAMS 0x0000000705a00000, 0x0000000705800000| Complete 
|  45|0x0000000705a00000, 0x0000000705c00000, 0x0000000705c00000|100%|HC|  |TAMS 0x0000000705c00000, 0x0000000705a00000| Complete 
|  46|0x0000000705c00000, 0x0000000705e00000, 0x0000000705e00000|100%|HC|  |TAMS 0x0000000705e00000, 0x0000000705c00000| Complete 
|  47|0x0000000705e00000, 0x0000000706000000, 0x0000000706000000|100%| O|  |TAMS 0x0000000706000000, 0x0000000705e00000| Untracked 
|  48|0x0000000706000000, 0x0000000706200000, 0x0000000706200000|100%| O|  |TAMS 0x0000000706200000, 0x0000000706000000| Untracked 
|  49|0x0000000706200000, 0x0000000706400000, 0x0000000706400000|100%| O|  |TAMS 0x0000000706400000, 0x0000000706200000| Untracked 
|  50|0x0000000706400000, 0x0000000706600000, 0x0000000706600000|100%| O|  |TAMS 0x0000000706600000, 0x0000000706400000| Untracked 
|  51|0x0000000706600000, 0x0000000706800000, 0x0000000706800000|100%| O|  |TAMS 0x0000000706800000, 0x0000000706600000| Untracked 
|  52|0x0000000706800000, 0x0000000706a00000, 0x0000000706a00000|100%| O|  |TAMS 0x0000000706a00000, 0x0000000706800000| Untracked 
|  53|0x0000000706a00000, 0x0000000706c00000, 0x0000000706c00000|100%| O|  |TAMS 0x0000000706c00000, 0x0000000706a00000| Untracked 
|  54|0x0000000706c00000, 0x0000000706e00000, 0x0000000706e00000|100%| O|  |TAMS 0x0000000706e00000, 0x0000000706c00000| Untracked 
|  55|0x0000000706e00000, 0x0000000707000000, 0x0000000707000000|100%| O|  |TAMS 0x0000000707000000, 0x0000000706e00000| Untracked 
|  56|0x0000000707000000, 0x0000000707200000, 0x0000000707200000|100%| O|  |TAMS 0x0000000707200000, 0x0000000707000000| Untracked 
|  57|0x0000000707200000, 0x0000000707400000, 0x0000000707400000|100%| O|  |TAMS 0x0000000707200000, 0x0000000707200000| Untracked 
|  58|0x0000000707400000, 0x0000000707600000, 0x0000000707600000|100%| O|  |TAMS 0x0000000707400000, 0x0000000707400000| Untracked 
|  59|0x0000000707600000, 0x0000000707800000, 0x0000000707800000|100%| O|  |TAMS 0x0000000707600000, 0x0000000707600000| Untracked 
|  60|0x0000000707800000, 0x0000000707a00000, 0x0000000707a00000|100%| O|  |TAMS 0x0000000707a00000, 0x0000000707800000| Untracked 
|  61|0x0000000707a00000, 0x0000000707c00000, 0x0000000707c00000|100%| O|  |TAMS 0x0000000707c00000, 0x0000000707a00000| Untracked 
|  62|0x0000000707c00000, 0x0000000707e00000, 0x0000000707e00000|100%| O|  |TAMS 0x0000000707e00000, 0x0000000707c00000| Untracked 
|  63|0x0000000707e00000, 0x0000000708000000, 0x0000000708000000|100%| O|  |TAMS 0x0000000707e00000, 0x0000000707e00000| Untracked 
|  64|0x0000000708000000, 0x0000000708200000, 0x0000000708200000|100%| O|  |TAMS 0x0000000708200000, 0x0000000708000000| Untracked 
|  65|0x0000000708200000, 0x0000000708400000, 0x0000000708400000|100%| O|  |TAMS 0x0000000708400000, 0x0000000708200000| Untracked 
|  66|0x0000000708400000, 0x0000000708600000, 0x0000000708600000|100%| O|  |TAMS 0x0000000708400000, 0x0000000708400000| Untracked 
|  67|0x0000000708600000, 0x0000000708800000, 0x0000000708800000|100%| O|  |TAMS 0x0000000708800000, 0x0000000708600000| Untracked 
|  68|0x0000000708800000, 0x0000000708a00000, 0x0000000708a00000|100%| O|  |TAMS 0x0000000708a00000, 0x0000000708800000| Untracked 
|  69|0x0000000708a00000, 0x0000000708c00000, 0x0000000708c00000|100%| O|  |TAMS 0x0000000708c00000, 0x0000000708a00000| Untracked 
|  70|0x0000000708c00000, 0x0000000708e00000, 0x0000000708e00000|100%| O|  |TAMS 0x0000000708de7200, 0x0000000708c00000| Untracked 
|  71|0x0000000708e00000, 0x0000000709000000, 0x0000000709000000|100%|HS|  |TAMS 0x0000000708e00000, 0x0000000708e00000| Complete 
|  72|0x0000000709000000, 0x0000000709200000, 0x0000000709200000|100%|HS|  |TAMS 0x0000000709000000, 0x0000000709000000| Complete 
|  73|0x0000000709200000, 0x0000000709400000, 0x0000000709400000|100%|HC|  |TAMS 0x0000000709200000, 0x0000000709200000| Complete 
|  74|0x0000000709400000, 0x0000000709600000, 0x0000000709600000|100%| O|  |TAMS 0x0000000709400000, 0x0000000709400000| Untracked 
|  75|0x0000000709600000, 0x0000000709800000, 0x0000000709800000|100%| O|  |TAMS 0x0000000709600000, 0x0000000709600000| Untracked 
|  76|0x0000000709800000, 0x0000000709a00000, 0x0000000709a00000|100%| O|  |TAMS 0x0000000709800000, 0x0000000709800000| Untracked 
|  77|0x0000000709a00000, 0x0000000709c00000, 0x0000000709c00000|100%| O|  |TAMS 0x0000000709a00000, 0x0000000709a00000| Untracked 
|  78|0x0000000709c00000, 0x0000000709e00000, 0x0000000709e00000|100%| O|  |TAMS 0x0000000709c00000, 0x0000000709c00000| Untracked 
|  79|0x0000000709e00000, 0x000000070a000000, 0x000000070a000000|100%| O|  |TAMS 0x0000000709e00000, 0x0000000709e00000| Untracked 
|  80|0x000000070a000000, 0x000000070a200000, 0x000000070a200000|100%| O|  |TAMS 0x000000070a000000, 0x000000070a000000| Untracked 
|  81|0x000000070a200000, 0x000000070a400000, 0x000000070a400000|100%| O|  |TAMS 0x000000070a200000, 0x000000070a200000| Untracked 
|  82|0x000000070a400000, 0x000000070a600000, 0x000000070a600000|100%| O|  |TAMS 0x000000070a400000, 0x000000070a400000| Untracked 
|  83|0x000000070a600000, 0x000000070a800000, 0x000000070a800000|100%| O|  |TAMS 0x000000070a600000, 0x000000070a600000| Untracked 
|  84|0x000000070a800000, 0x000000070aa00000, 0x000000070aa00000|100%| O|  |TAMS 0x000000070a800000, 0x000000070a800000| Untracked 
|  85|0x000000070aa00000, 0x000000070ac00000, 0x000000070ac00000|100%| O|  |TAMS 0x000000070aa00000, 0x000000070aa00000| Untracked 
|  86|0x000000070ac00000, 0x000000070ae00000, 0x000000070ae00000|100%| O|  |TAMS 0x000000070ac00000, 0x000000070ac00000| Untracked 
|  87|0x000000070ae00000, 0x000000070b000000, 0x000000070b000000|100%|HS|  |TAMS 0x000000070ae00000, 0x000000070ae00000| Complete 
|  88|0x000000070b000000, 0x000000070b200000, 0x000000070b200000|100%|HC|  |TAMS 0x000000070b000000, 0x000000070b000000| Complete 
|  89|0x000000070b200000, 0x000000070b400000, 0x000000070b400000|100%| O|  |TAMS 0x000000070b200000, 0x000000070b200000| Untracked 
|  90|0x000000070b400000, 0x000000070b600000, 0x000000070b600000|100%| O|  |TAMS 0x000000070b400000, 0x000000070b400000| Untracked 
|  91|0x000000070b600000, 0x000000070b800000, 0x000000070b800000|100%| O|  |TAMS 0x000000070b600000, 0x000000070b600000| Untracked 
|  92|0x000000070b800000, 0x000000070ba00000, 0x000000070ba00000|100%| O|  |TAMS 0x000000070b800000, 0x000000070b800000| Untracked 
|  93|0x000000070ba00000, 0x000000070bc00000, 0x000000070bc00000|100%| O|  |TAMS 0x000000070ba00000, 0x000000070ba00000| Untracked 
|  94|0x000000070bc00000, 0x000000070be00000, 0x000000070be00000|100%| O|  |TAMS 0x000000070bc00000, 0x000000070bc00000| Untracked 
|  95|0x000000070be00000, 0x000000070c000000, 0x000000070c000000|100%| O|  |TAMS 0x000000070be00000, 0x000000070be00000| Untracked 
|  96|0x000000070c000000, 0x000000070c200000, 0x000000070c200000|100%| O|  |TAMS 0x000000070c000000, 0x000000070c000000| Untracked 
|  97|0x000000070c200000, 0x000000070c400000, 0x000000070c400000|100%| O|  |TAMS 0x000000070c200000, 0x000000070c200000| Untracked 
|  98|0x000000070c400000, 0x000000070c600000, 0x000000070c600000|100%| O|  |TAMS 0x000000070c400000, 0x000000070c400000| Untracked 
|  99|0x000000070c600000, 0x000000070c800000, 0x000000070c800000|100%| O|  |TAMS 0x000000070c600000, 0x000000070c600000| Untracked 
| 100|0x000000070c800000, 0x000000070ca00000, 0x000000070ca00000|100%| O|  |TAMS 0x000000070c800000, 0x000000070c800000| Untracked 
| 101|0x000000070ca00000, 0x000000070cc00000, 0x000000070cc00000|100%| O|  |TAMS 0x000000070ca00000, 0x000000070ca00000| Untracked 
| 102|0x000000070cc00000, 0x000000070ce00000, 0x000000070ce00000|100%| O|  |TAMS 0x000000070cc00000, 0x000000070cc00000| Untracked 
| 103|0x000000070ce00000, 0x000000070d000000, 0x000000070d000000|100%| O|  |TAMS 0x000000070ce00000, 0x000000070ce00000| Untracked 
| 104|0x000000070d000000, 0x000000070d200000, 0x000000070d200000|100%| O|  |TAMS 0x000000070d000000, 0x000000070d000000| Untracked 
| 105|0x000000070d200000, 0x000000070d400000, 0x000000070d400000|100%| O|  |TAMS 0x000000070d200000, 0x000000070d200000| Untracked 
| 106|0x000000070d400000, 0x000000070d600000, 0x000000070d600000|100%| O|  |TAMS 0x000000070d400000, 0x000000070d400000| Untracked 
| 107|0x000000070d600000, 0x000000070d800000, 0x000000070d800000|100%| O|  |TAMS 0x000000070d600000, 0x000000070d600000| Untracked 
| 108|0x000000070d800000, 0x000000070da00000, 0x000000070da00000|100%| O|  |TAMS 0x000000070d800000, 0x000000070d800000| Untracked 
| 109|0x000000070da00000, 0x000000070dc00000, 0x000000070dc00000|100%| O|  |TAMS 0x000000070da00000, 0x000000070da00000| Untracked 
| 110|0x000000070dc00000, 0x000000070de00000, 0x000000070de00000|100%| O|  |TAMS 0x000000070dc00000, 0x000000070dc00000| Untracked 
| 111|0x000000070de00000, 0x000000070e000000, 0x000000070e000000|100%|HS|  |TAMS 0x000000070de00000, 0x000000070de00000| Complete 
| 112|0x000000070e000000, 0x000000070e200000, 0x000000070e200000|100%| O|  |TAMS 0x000000070e000000, 0x000000070e000000| Untracked 
| 113|0x000000070e200000, 0x000000070e400000, 0x000000070e400000|100%| O|  |TAMS 0x000000070e200000, 0x000000070e200000| Untracked 
| 114|0x000000070e400000, 0x000000070e600000, 0x000000070e600000|100%| O|  |TAMS 0x000000070e400000, 0x000000070e400000| Untracked 
| 115|0x000000070e600000, 0x000000070e800000, 0x000000070e800000|100%| O|  |TAMS 0x000000070e600000, 0x000000070e600000| Untracked 
| 116|0x000000070e800000, 0x000000070ea00000, 0x000000070ea00000|100%| O|  |TAMS 0x000000070e800000, 0x000000070e800000| Untracked 
| 117|0x000000070ea00000, 0x000000070ec00000, 0x000000070ec00000|100%| O|  |TAMS 0x000000070ea00000, 0x000000070ea00000| Untracked 
| 118|0x000000070ec00000, 0x000000070ee00000, 0x000000070ee00000|100%| O|  |TAMS 0x000000070ec00000, 0x000000070ec00000| Untracked 
| 119|0x000000070ee00000, 0x000000070f000000, 0x000000070f000000|100%| O|  |TAMS 0x000000070ee00000, 0x000000070ee00000| Untracked 
| 120|0x000000070f000000, 0x000000070f200000, 0x000000070f200000|100%| O|  |TAMS 0x000000070f000000, 0x000000070f000000| Untracked 
| 121|0x000000070f200000, 0x000000070f400000, 0x000000070f400000|100%| O|  |TAMS 0x000000070f200000, 0x000000070f200000| Untracked 
| 122|0x000000070f400000, 0x000000070f600000, 0x000000070f600000|100%| O|  |TAMS 0x000000070f400000, 0x000000070f400000| Untracked 
| 123|0x000000070f600000, 0x000000070f800000, 0x000000070f800000|100%| O|  |TAMS 0x000000070f600000, 0x000000070f600000| Untracked 
| 124|0x000000070f800000, 0x000000070fa00000, 0x000000070fa00000|100%| O|  |TAMS 0x000000070f800000, 0x000000070f800000| Untracked 
| 125|0x000000070fa00000, 0x000000070fc00000, 0x000000070fc00000|100%| O|  |TAMS 0x000000070fa00000, 0x000000070fa00000| Untracked 
| 126|0x000000070fc00000, 0x000000070fe00000, 0x000000070fe00000|100%| O|  |TAMS 0x000000070fc00000, 0x000000070fc00000| Untracked 
| 127|0x000000070fe00000, 0x0000000710000000, 0x0000000710000000|100%| O|  |TAMS 0x000000070fe00000, 0x000000070fe00000| Untracked 
| 128|0x0000000710000000, 0x0000000710200000, 0x0000000710200000|100%| O|  |TAMS 0x0000000710000000, 0x0000000710000000| Untracked 
| 129|0x0000000710200000, 0x0000000710400000, 0x0000000710400000|100%| O|  |TAMS 0x0000000710200000, 0x0000000710200000| Untracked 
| 130|0x0000000710400000, 0x0000000710600000, 0x0000000710600000|100%| O|  |TAMS 0x0000000710400000, 0x0000000710400000| Untracked 
| 131|0x0000000710600000, 0x0000000710800000, 0x0000000710800000|100%| O|  |TAMS 0x0000000710600000, 0x0000000710600000| Untracked 
| 132|0x0000000710800000, 0x0000000710a00000, 0x0000000710a00000|100%| O|  |TAMS 0x0000000710800000, 0x0000000710800000| Untracked 
| 133|0x0000000710a00000, 0x0000000710c00000, 0x0000000710c00000|100%| O|  |TAMS 0x0000000710a00000, 0x0000000710a00000| Untracked 
| 134|0x0000000710c00000, 0x0000000710e00000, 0x0000000710e00000|100%| O|  |TAMS 0x0000000710c00000, 0x0000000710c00000| Untracked 
| 135|0x0000000710e00000, 0x0000000711000000, 0x0000000711000000|100%| O|  |TAMS 0x0000000710e00000, 0x0000000710e00000| Untracked 
| 136|0x0000000711000000, 0x0000000711200000, 0x0000000711200000|100%| O|  |TAMS 0x0000000711000000, 0x0000000711000000| Untracked 
| 137|0x0000000711200000, 0x0000000711400000, 0x0000000711400000|100%| O|  |TAMS 0x0000000711200000, 0x0000000711200000| Untracked 
| 138|0x0000000711400000, 0x0000000711600000, 0x0000000711600000|100%| O|  |TAMS 0x0000000711400000, 0x0000000711400000| Untracked 
| 139|0x0000000711600000, 0x0000000711800000, 0x0000000711800000|100%| O|  |TAMS 0x0000000711600000, 0x0000000711600000| Untracked 
| 140|0x0000000711800000, 0x0000000711a00000, 0x0000000711a00000|100%| O|  |TAMS 0x0000000711800000, 0x0000000711800000| Untracked 
| 141|0x0000000711a00000, 0x0000000711c00000, 0x0000000711c00000|100%| O|  |TAMS 0x0000000711a00000, 0x0000000711a00000| Untracked 
| 142|0x0000000711c00000, 0x0000000711e00000, 0x0000000711e00000|100%| O|  |TAMS 0x0000000711c00000, 0x0000000711c00000| Untracked 
| 143|0x0000000711e00000, 0x0000000712000000, 0x0000000712000000|100%| O|  |TAMS 0x0000000711e00000, 0x0000000711e00000| Untracked 
| 144|0x0000000712000000, 0x0000000712200000, 0x0000000712200000|100%| O|  |TAMS 0x0000000712000000, 0x0000000712000000| Untracked 
| 145|0x0000000712200000, 0x0000000712400000, 0x0000000712400000|100%| O|  |TAMS 0x0000000712200000, 0x0000000712200000| Untracked 
| 146|0x0000000712400000, 0x0000000712600000, 0x0000000712600000|100%| O|  |TAMS 0x0000000712400000, 0x0000000712400000| Untracked 
| 147|0x0000000712600000, 0x0000000712800000, 0x0000000712800000|100%| O|  |TAMS 0x0000000712600000, 0x0000000712600000| Untracked 
| 148|0x0000000712800000, 0x0000000712a00000, 0x0000000712a00000|100%| O|  |TAMS 0x0000000712800000, 0x0000000712800000| Untracked 
| 149|0x0000000712a00000, 0x0000000712c00000, 0x0000000712c00000|100%| O|  |TAMS 0x0000000712a00000, 0x0000000712a00000| Untracked 
| 150|0x0000000712c00000, 0x0000000712e00000, 0x0000000712e00000|100%| O|  |TAMS 0x0000000712c00000, 0x0000000712c00000| Untracked 
| 151|0x0000000712e00000, 0x0000000713000000, 0x0000000713000000|100%| O|  |TAMS 0x0000000712e00000, 0x0000000712e00000| Untracked 
| 152|0x0000000713000000, 0x0000000713200000, 0x0000000713200000|100%| O|  |TAMS 0x0000000713000000, 0x0000000713000000| Untracked 
| 153|0x0000000713200000, 0x0000000713263200, 0x0000000713400000| 19%| O|  |TAMS 0x0000000713200000, 0x0000000713200000| Untracked 
| 154|0x0000000713400000, 0x0000000713400000, 0x0000000713600000|  0%| F|  |TAMS 0x0000000713400000, 0x0000000713400000| Untracked 
| 155|0x0000000713600000, 0x0000000713600000, 0x0000000713800000|  0%| F|  |TAMS 0x0000000713600000, 0x0000000713600000| Untracked 
| 156|0x0000000713800000, 0x0000000713800000, 0x0000000713a00000|  0%| F|  |TAMS 0x0000000713800000, 0x0000000713800000| Untracked 
| 157|0x0000000713a00000, 0x0000000713a00000, 0x0000000713c00000|  0%| F|  |TAMS 0x0000000713a00000, 0x0000000713a00000| Untracked 
| 158|0x0000000713c00000, 0x0000000713c00000, 0x0000000713e00000|  0%| F|  |TAMS 0x0000000713c00000, 0x0000000713c00000| Untracked 
| 159|0x0000000713e00000, 0x0000000713e00000, 0x0000000714000000|  0%| F|  |TAMS 0x0000000713e00000, 0x0000000713e00000| Untracked 
| 160|0x0000000714000000, 0x0000000714000000, 0x0000000714200000|  0%| F|  |TAMS 0x0000000714000000, 0x0000000714000000| Untracked 
| 161|0x0000000714200000, 0x0000000714200000, 0x0000000714400000|  0%| F|  |TAMS 0x0000000714200000, 0x0000000714200000| Untracked 
| 162|0x0000000714400000, 0x0000000714400000, 0x0000000714600000|  0%| F|  |TAMS 0x0000000714400000, 0x0000000714400000| Untracked 
| 163|0x0000000714600000, 0x0000000714600000, 0x0000000714800000|  0%| F|  |TAMS 0x0000000714600000, 0x0000000714600000| Untracked 
| 164|0x0000000714800000, 0x0000000714800000, 0x0000000714a00000|  0%| F|  |TAMS 0x0000000714800000, 0x0000000714800000| Untracked 
| 165|0x0000000714a00000, 0x0000000714a00000, 0x0000000714c00000|  0%| F|  |TAMS 0x0000000714a00000, 0x0000000714a00000| Untracked 
| 166|0x0000000714c00000, 0x0000000714c00000, 0x0000000714e00000|  0%| F|  |TAMS 0x0000000714c00000, 0x0000000714c00000| Untracked 
| 167|0x0000000714e00000, 0x0000000714e00000, 0x0000000715000000|  0%| F|  |TAMS 0x0000000714e00000, 0x0000000714e00000| Untracked 
| 168|0x0000000715000000, 0x0000000715000000, 0x0000000715200000|  0%| F|  |TAMS 0x0000000715000000, 0x0000000715000000| Untracked 
| 169|0x0000000715200000, 0x0000000715200000, 0x0000000715400000|  0%| F|  |TAMS 0x0000000715200000, 0x0000000715200000| Untracked 
| 170|0x0000000715400000, 0x0000000715400000, 0x0000000715600000|  0%| F|  |TAMS 0x0000000715400000, 0x0000000715400000| Untracked 
| 171|0x0000000715600000, 0x0000000715600000, 0x0000000715800000|  0%| F|  |TAMS 0x0000000715600000, 0x0000000715600000| Untracked 
| 172|0x0000000715800000, 0x0000000715800000, 0x0000000715a00000|  0%| F|  |TAMS 0x0000000715800000, 0x0000000715800000| Untracked 
| 173|0x0000000715a00000, 0x0000000715a00000, 0x0000000715c00000|  0%| F|  |TAMS 0x0000000715a00000, 0x0000000715a00000| Untracked 
| 174|0x0000000715c00000, 0x0000000715c00000, 0x0000000715e00000|  0%| F|  |TAMS 0x0000000715c00000, 0x0000000715c00000| Untracked 
| 175|0x0000000715e00000, 0x0000000715e00000, 0x0000000716000000|  0%| F|  |TAMS 0x0000000715e00000, 0x0000000715e00000| Untracked 
| 176|0x0000000716000000, 0x0000000716000000, 0x0000000716200000|  0%| F|  |TAMS 0x0000000716000000, 0x0000000716000000| Untracked 
| 177|0x0000000716200000, 0x0000000716200000, 0x0000000716400000|  0%| F|  |TAMS 0x0000000716200000, 0x0000000716200000| Untracked 
| 178|0x0000000716400000, 0x0000000716400000, 0x0000000716600000|  0%| F|  |TAMS 0x0000000716400000, 0x0000000716400000| Untracked 
| 179|0x0000000716600000, 0x0000000716600000, 0x0000000716800000|  0%| F|  |TAMS 0x0000000716600000, 0x0000000716600000| Untracked 
| 180|0x0000000716800000, 0x0000000716800000, 0x0000000716a00000|  0%| F|  |TAMS 0x0000000716800000, 0x0000000716800000| Untracked 
| 181|0x0000000716a00000, 0x0000000716a00000, 0x0000000716c00000|  0%| F|  |TAMS 0x0000000716a00000, 0x0000000716a00000| Untracked 
| 182|0x0000000716c00000, 0x0000000716cd7700, 0x0000000716e00000| 42%| S|CS|TAMS 0x0000000716c00000, 0x0000000716c00000| Complete 
| 183|0x0000000716e00000, 0x0000000717000000, 0x0000000717000000|100%| S|CS|TAMS 0x0000000716e00000, 0x0000000716e00000| Complete 
| 184|0x0000000717000000, 0x0000000717200000, 0x0000000717200000|100%| S|CS|TAMS 0x0000000717000000, 0x0000000717000000| Complete 
| 185|0x0000000717200000, 0x0000000717400000, 0x0000000717400000|100%| S|CS|TAMS 0x0000000717200000, 0x0000000717200000| Complete 
| 186|0x0000000717400000, 0x0000000717400000, 0x0000000717600000|  0%| F|  |TAMS 0x0000000717400000, 0x0000000717400000| Untracked 
| 187|0x0000000717600000, 0x0000000717600000, 0x0000000717800000|  0%| F|  |TAMS 0x0000000717600000, 0x0000000717600000| Untracked 
| 188|0x0000000717800000, 0x0000000717800000, 0x0000000717a00000|  0%| F|  |TAMS 0x0000000717800000, 0x0000000717800000| Untracked 
| 189|0x0000000717a00000, 0x0000000717a00000, 0x0000000717c00000|  0%| F|  |TAMS 0x0000000717a00000, 0x0000000717a00000| Untracked 
| 190|0x0000000717c00000, 0x0000000717c00000, 0x0000000717e00000|  0%| F|  |TAMS 0x0000000717c00000, 0x0000000717c00000| Untracked 
| 191|0x0000000717e00000, 0x0000000717e00000, 0x0000000718000000|  0%| F|  |TAMS 0x0000000717e00000, 0x0000000717e00000| Untracked 
| 192|0x0000000718000000, 0x0000000718000000, 0x0000000718200000|  0%| F|  |TAMS 0x0000000718000000, 0x0000000718000000| Untracked 
| 193|0x0000000718200000, 0x0000000718200000, 0x0000000718400000|  0%| F|  |TAMS 0x0000000718200000, 0x0000000718200000| Untracked 
| 194|0x0000000718400000, 0x0000000718400000, 0x0000000718600000|  0%| F|  |TAMS 0x0000000718400000, 0x0000000718400000| Untracked 
| 195|0x0000000718600000, 0x0000000718600000, 0x0000000718800000|  0%| F|  |TAMS 0x0000000718600000, 0x0000000718600000| Untracked 
| 196|0x0000000718800000, 0x0000000718800000, 0x0000000718a00000|  0%| F|  |TAMS 0x0000000718800000, 0x0000000718800000| Untracked 
| 197|0x0000000718a00000, 0x0000000718a00000, 0x0000000718c00000|  0%| F|  |TAMS 0x0000000718a00000, 0x0000000718a00000| Untracked 
| 198|0x0000000718c00000, 0x0000000718d300f0, 0x0000000718e00000| 59%| E|  |TAMS 0x0000000718c00000, 0x0000000718c00000| Complete 
| 199|0x0000000718e00000, 0x0000000719000000, 0x0000000719000000|100%| E|CS|TAMS 0x0000000718e00000, 0x0000000718e00000| Complete 
| 200|0x0000000719000000, 0x0000000719200000, 0x0000000719200000|100%| E|CS|TAMS 0x0000000719000000, 0x0000000719000000| Complete 
| 201|0x0000000719200000, 0x0000000719400000, 0x0000000719400000|100%| E|CS|TAMS 0x0000000719200000, 0x0000000719200000| Complete 
| 202|0x0000000719400000, 0x0000000719600000, 0x0000000719600000|100%| E|CS|TAMS 0x0000000719400000, 0x0000000719400000| Complete 
| 203|0x0000000719600000, 0x0000000719800000, 0x0000000719800000|100%| E|CS|TAMS 0x0000000719600000, 0x0000000719600000| Complete 
| 204|0x0000000719800000, 0x0000000719a00000, 0x0000000719a00000|100%| E|CS|TAMS 0x0000000719800000, 0x0000000719800000| Complete 
| 205|0x0000000719a00000, 0x0000000719c00000, 0x0000000719c00000|100%| E|CS|TAMS 0x0000000719a00000, 0x0000000719a00000| Complete 
| 206|0x0000000719c00000, 0x0000000719e00000, 0x0000000719e00000|100%| E|CS|TAMS 0x0000000719c00000, 0x0000000719c00000| Complete 
| 207|0x0000000719e00000, 0x000000071a000000, 0x000000071a000000|100%| E|CS|TAMS 0x0000000719e00000, 0x0000000719e00000| Complete 
| 208|0x000000071a000000, 0x000000071a200000, 0x000000071a200000|100%| E|CS|TAMS 0x000000071a000000, 0x000000071a000000| Complete 
| 209|0x000000071a200000, 0x000000071a400000, 0x000000071a400000|100%| E|CS|TAMS 0x000000071a200000, 0x000000071a200000| Complete 
| 210|0x000000071a400000, 0x000000071a600000, 0x000000071a600000|100%| E|CS|TAMS 0x000000071a400000, 0x000000071a400000| Complete 
| 211|0x000000071a600000, 0x000000071a800000, 0x000000071a800000|100%| E|CS|TAMS 0x000000071a600000, 0x000000071a600000| Complete 
| 212|0x000000071a800000, 0x000000071aa00000, 0x000000071aa00000|100%| E|CS|TAMS 0x000000071a800000, 0x000000071a800000| Complete 

Card table byte_map: [0x0000024cfc930000,0x0000024cfd130000] _byte_map_base: 0x0000024cf9130000

Marking Bits (Prev, Next): (CMBitMap*) 0x0000024cf4647480, (CMBitMap*) 0x0000024cf4647440
 Prev Bits: [0x0000024c93000000, 0x0000024c97000000)
 Next Bits: [0x0000024c8f000000, 0x0000024c93000000)

Polling page: 0x0000024cf3be0000

Metaspace:

Usage:
  Non-class:    164.87 MB used.
      Class:     23.92 MB used.
       Both:    188.80 MB used.

Virtual space:
  Non-class space:      192.00 MB reserved,     165.69 MB ( 86%) committed,  3 nodes.
      Class space:        1.00 GB reserved,      24.69 MB (  2%) committed,  1 nodes.
             Both:        1.19 GB reserved,     190.38 MB ( 16%) committed. 

Chunk freelists:
   Non-Class:  10.28 MB
       Class:  7.17 MB
        Both:  17.45 MB

MaxMetaspaceSize: unlimited
CompressedClassSpaceSize: 1.00 GB
Initial GC threshold: 21.00 MB
Current GC threshold: 199.69 MB
CDS: on
MetaspaceReclaimPolicy: balanced
 - commit_granule_bytes: 65536.
 - commit_granule_words: 8192.
 - virtual_space_node_default_size: 8388608.
 - enlarge_chunks_in_place: 1.
 - new_chunks_are_fully_committed: 0.
 - uncommit_free_chunks: 1.
 - use_allocation_guard: 0.
 - handle_deallocations: 1.


Internal statistics:

num_allocs_failed_limit: 3.
num_arena_births: 2400.
num_arena_deaths: 4.
num_vsnodes_births: 4.
num_vsnodes_deaths: 0.
num_space_committed: 3042.
num_space_uncommitted: 0.
num_chunks_returned_to_freelist: 13.
num_chunks_taken_from_freelist: 10586.
num_chunk_merges: 3.
num_chunk_splits: 7263.
num_chunks_enlarged: 5085.
num_inconsistent_stats: 0.

CodeHeap 'non-profiled nmethods': size=120000Kb used=16649Kb max_used=16649Kb free=103350Kb
 bounds [0x0000024c87ad0000, 0x0000024c88b20000, 0x0000024c8f000000]
CodeHeap 'profiled nmethods': size=120000Kb used=48829Kb max_used=48829Kb free=71170Kb
 bounds [0x0000024c80000000, 0x0000024c82fb0000, 0x0000024c87530000]
CodeHeap 'non-nmethods': size=5760Kb used=2690Kb max_used=2771Kb free=3069Kb
 bounds [0x0000024c87530000, 0x0000024c877f0000, 0x0000024c87ad0000]
 total_blobs=23748 nmethods=22488 adapters=1169
 compilation: enabled
              stopped_count=0, restarted_count=0
 full_count=0

Compilation events (20 events):
Event: 87.121 Thread 0x0000024ce010e240 nmethod 26680 0x0000024c88b00310 code [0x0000024c88b00500, 0x0000024c88b00e88]
Event: 87.121 Thread 0x0000024ce010e240 26678       4       com.android.ide.common.resources.ResourceMergerItem::getSourceType (34 bytes)
Event: 87.121 Thread 0x0000024ce010e240 nmethod 26678 0x0000024c88b01690 code [0x0000024c88b01820, 0x0000024c88b018b8]
Event: 87.131 Thread 0x0000024cffe430c0 26695 % !   3       com.android.ide.common.resources.DataMerger::mergeData @ 88 (611 bytes)
Event: 87.134 Thread 0x0000024cffe430c0 nmethod 26695% 0x0000024c82f81510 code [0x0000024c82f81d60, 0x0000024c82f87b28]
Event: 87.134 Thread 0x0000024cffe430c0 26696   !   3       com.android.ide.common.resources.DataMerger::mergeData (611 bytes)
Event: 87.138 Thread 0x0000024cffe430c0 nmethod 26696 0x0000024c82f8a310 code [0x0000024c82f8ab60, 0x0000024c82f904b8]
Event: 87.139 Thread 0x0000024ce010e240 26697       4       com.google.common.collect.LinkedListMultimap::get (10 bytes)
Event: 87.140 Thread 0x0000024ce010e240 nmethod 26697 0x0000024c88b01990 code [0x0000024c88b01b20, 0x0000024c88b01c18]
Event: 87.146 Thread 0x0000024ce010e240 26698 % !   4       com.android.ide.common.resources.DataMerger::mergeData @ 247 (611 bytes)
Event: 87.152 Thread 0x0000024cffe41280 nmethod 26676 0x0000024c88b01d10 code [0x0000024c88b02020, 0x0000024c88b04df0]
Event: 87.188 Thread 0x0000024cffe41280 26699       4       com.google.common.collect.LinkedListMultimap$1::size (33 bytes)
Event: 87.199 Thread 0x0000024cffe41280 nmethod 26699 0x0000024c88b06c90 code [0x0000024c88b06e80, 0x0000024c88b077e8]
Event: 87.213 Thread 0x0000024cffe41280 26700       4       com.google.common.collect.ArrayListMultimap::put (7 bytes)
Event: 87.249 Thread 0x0000024cffe41280 nmethod 26700 0x0000024c88b08010 code [0x0000024c88b08260, 0x0000024c88b09f68]
Event: 87.249 Thread 0x0000024cffe41280 26702       4       com.google.common.collect.AbstractMapBasedMultimap::put (92 bytes)
Event: 87.284 Thread 0x0000024cffe41280 nmethod 26702 0x0000024c88b0ae90 code [0x0000024c88b0b0e0, 0x0000024c88b0cde8]
Event: 87.284 Thread 0x0000024cffe41280 26701   !   4       java.util.AbstractSequentialList::get (39 bytes)
Event: 87.287 Thread 0x0000024cffe41280 nmethod 26701 0x0000024c88b0dd10 code [0x0000024c88b0dec0, 0x0000024c88b0e2a8]
Event: 87.297 Thread 0x0000024cffe41280 26703   !   4       com.android.ide.common.resources.MergedResourceWriter::addItem (199 bytes)

GC Heap History (20 events):
Event: 80.492 GC heap before
{Heap before GC invocations=85 (full 0):
 garbage-first heap   total 362496K, used 314042K [0x0000000700000000, 0x0000000800000000)
  region size 2048K, 15 young (30720K), 2 survivors (4096K)
 Metaspace       used 187349K, committed 188800K, reserved 1245184K
  class space    used 23758K, committed 24448K, reserved 1048576K
}
Event: 80.499 GC heap after
{Heap after GC invocations=86 (full 0):
 garbage-first heap   total 362496K, used 290520K [0x0000000700000000, 0x0000000800000000)
  region size 2048K, 2 young (4096K), 2 survivors (4096K)
 Metaspace       used 187349K, committed 188800K, reserved 1245184K
  class space    used 23758K, committed 24448K, reserved 1048576K
}
Event: 80.911 GC heap before
{Heap before GC invocations=86 (full 0):
 garbage-first heap   total 362496K, used 315096K [0x0000000700000000, 0x0000000800000000)
  region size 2048K, 14 young (28672K), 2 survivors (4096K)
 Metaspace       used 187443K, committed 188864K, reserved 1245184K
  class space    used 23770K, committed 24448K, reserved 1048576K
}
Event: 80.916 GC heap after
{Heap after GC invocations=87 (full 0):
 garbage-first heap   total 362496K, used 292944K [0x0000000700000000, 0x0000000800000000)
  region size 2048K, 2 young (4096K), 2 survivors (4096K)
 Metaspace       used 187443K, committed 188864K, reserved 1245184K
  class space    used 23770K, committed 24448K, reserved 1048576K
}
Event: 81.186 GC heap before
{Heap before GC invocations=87 (full 0):
 garbage-first heap   total 362496K, used 313424K [0x0000000700000000, 0x0000000800000000)
  region size 2048K, 13 young (26624K), 2 survivors (4096K)
 Metaspace       used 187533K, committed 189056K, reserved 1245184K
  class space    used 23786K, committed 24512K, reserved 1048576K
}
Event: 81.192 GC heap after
{Heap after GC invocations=88 (full 0):
 garbage-first heap   total 362496K, used 294674K [0x0000000700000000, 0x0000000800000000)
  region size 2048K, 2 young (4096K), 2 survivors (4096K)
 Metaspace       used 187533K, committed 189056K, reserved 1245184K
  class space    used 23786K, committed 24512K, reserved 1048576K
}
Event: 81.602 GC heap before
{Heap before GC invocations=88 (full 0):
 garbage-first heap   total 362496K, used 315154K [0x0000000700000000, 0x0000000800000000)
  region size 2048K, 12 young (24576K), 2 survivors (4096K)
 Metaspace       used 188066K, committed 189568K, reserved 1245184K
  class space    used 23853K, committed 24576K, reserved 1048576K
}
Event: 81.607 GC heap after
{Heap after GC invocations=89 (full 0):
 garbage-first heap   total 362496K, used 297065K [0x0000000700000000, 0x0000000800000000)
  region size 2048K, 2 young (4096K), 2 survivors (4096K)
 Metaspace       used 188066K, committed 189568K, reserved 1245184K
  class space    used 23853K, committed 24576K, reserved 1048576K
}
Event: 81.957 GC heap before
{Heap before GC invocations=89 (full 0):
 garbage-first heap   total 362496K, used 315497K [0x0000000700000000, 0x0000000800000000)
  region size 2048K, 11 young (22528K), 2 survivors (4096K)
 Metaspace       used 188632K, committed 190080K, reserved 1245184K
  class space    used 23934K, committed 24640K, reserved 1048576K
}
Event: 81.963 GC heap after
{Heap after GC invocations=90 (full 0):
 garbage-first heap   total 362496K, used 299116K [0x0000000700000000, 0x0000000800000000)
  region size 2048K, 1 young (2048K), 1 survivors (2048K)
 Metaspace       used 188632K, committed 190080K, reserved 1245184K
  class space    used 23934K, committed 24640K, reserved 1048576K
}
Event: 82.265 GC heap before
{Heap before GC invocations=90 (full 0):
 garbage-first heap   total 362496K, used 317548K [0x0000000700000000, 0x0000000800000000)
  region size 2048K, 10 young (20480K), 1 survivors (2048K)
 Metaspace       used 189399K, committed 190912K, reserved 1245184K
  class space    used 24043K, committed 24768K, reserved 1048576K
}
Event: 82.269 GC heap after
{Heap after GC invocations=91 (full 0):
 garbage-first heap   total 362496K, used 300302K [0x0000000700000000, 0x0000000800000000)
  region size 2048K, 2 young (4096K), 2 survivors (4096K)
 Metaspace       used 189399K, committed 190912K, reserved 1245184K
  class space    used 24043K, committed 24768K, reserved 1048576K
}
Event: 82.562 GC heap before
{Heap before GC invocations=91 (full 0):
 garbage-first heap   total 362496K, used 316686K [0x0000000700000000, 0x0000000800000000)
  region size 2048K, 10 young (20480K), 2 survivors (4096K)
 Metaspace       used 189934K, committed 191424K, reserved 1245184K
  class space    used 24116K, committed 24832K, reserved 1048576K
}
Event: 82.568 GC heap after
{Heap after GC invocations=92 (full 0):
 garbage-first heap   total 362496K, used 301694K [0x0000000700000000, 0x0000000800000000)
  region size 2048K, 2 young (4096K), 2 survivors (4096K)
 Metaspace       used 189934K, committed 191424K, reserved 1245184K
  class space    used 24116K, committed 24832K, reserved 1048576K
}
Event: 82.807 GC heap before
{Heap before GC invocations=92 (full 0):
 garbage-first heap   total 362496K, used 318078K [0x0000000700000000, 0x0000000800000000)
  region size 2048K, 10 young (20480K), 2 survivors (4096K)
 Metaspace       used 189996K, committed 191488K, reserved 1245184K
  class space    used 24120K, committed 24832K, reserved 1048576K
}
Event: 82.813 GC heap after
{Heap after GC invocations=93 (full 0):
 garbage-first heap   total 436224K, used 304605K [0x0000000700000000, 0x0000000800000000)
  region size 2048K, 2 young (4096K), 2 survivors (4096K)
 Metaspace       used 189996K, committed 191488K, reserved 1245184K
  class space    used 24120K, committed 24832K, reserved 1048576K
}
Event: 83.969 GC heap before
{Heap before GC invocations=93 (full 0):
 garbage-first heap   total 436224K, used 370141K [0x0000000700000000, 0x0000000800000000)
  region size 2048K, 34 young (69632K), 2 survivors (4096K)
 Metaspace       used 190589K, committed 192128K, reserved 1245184K
  class space    used 24199K, committed 24896K, reserved 1048576K
}
Event: 83.982 GC heap after
{Heap after GC invocations=94 (full 0):
 garbage-first heap   total 436224K, used 313830K [0x0000000700000000, 0x0000000800000000)
  region size 2048K, 5 young (10240K), 5 survivors (10240K)
 Metaspace       used 190589K, committed 192128K, reserved 1245184K
  class space    used 24199K, committed 24896K, reserved 1048576K
}
Event: 85.965 GC heap before
{Heap before GC invocations=94 (full 0):
 garbage-first heap   total 436224K, used 369126K [0x0000000700000000, 0x0000000800000000)
  region size 2048K, 32 young (65536K), 5 survivors (10240K)
 Metaspace       used 192860K, committed 194368K, reserved 1245184K
  class space    used 24468K, committed 25152K, reserved 1048576K
}
Event: 85.978 GC heap after
{Heap after GC invocations=95 (full 0):
 garbage-first heap   total 436224K, used 320746K [0x0000000700000000, 0x0000000800000000)
  region size 2048K, 4 young (8192K), 4 survivors (8192K)
 Metaspace       used 192860K, committed 194368K, reserved 1245184K
  class space    used 24468K, committed 25152K, reserved 1048576K
}

Dll operation events (15 events):
Event: 0.009 Loaded shared library C:\Users\GyoMok\.jdks\ms-17.0.16\bin\java.dll
Event: 0.023 Loaded shared library C:\Users\GyoMok\.jdks\ms-17.0.16\bin\jsvml.dll
Event: 0.083 Loaded shared library C:\Users\GyoMok\.jdks\ms-17.0.16\bin\zip.dll
Event: 0.086 Loaded shared library C:\Users\GyoMok\.jdks\ms-17.0.16\bin\instrument.dll
Event: 0.091 Loaded shared library C:\Users\GyoMok\.jdks\ms-17.0.16\bin\net.dll
Event: 0.093 Loaded shared library C:\Users\GyoMok\.jdks\ms-17.0.16\bin\nio.dll
Event: 0.096 Loaded shared library C:\Users\GyoMok\.jdks\ms-17.0.16\bin\zip.dll
Event: 0.419 Loaded shared library C:\Users\GyoMok\.jdks\ms-17.0.16\bin\jimage.dll
Event: 0.653 Loaded shared library C:\Users\GyoMok\.jdks\ms-17.0.16\bin\verify.dll
Event: 0.873 Loaded shared library C:\Users\GyoMok\.gradle\native\1def1411415f61bf3af743bc5b6707747c0891f09f0c88961ee8f79bc544acac\windows-amd64\native-platform.dll
Event: 0.891 Loaded shared library C:\Users\GyoMok\.gradle\native\0.2.7\x86_64-windows-gnu\gradle-fileevents.dll
Event: 2.277 Loaded shared library C:\Users\GyoMok\.jdks\ms-17.0.16\bin\management.dll
Event: 2.280 Loaded shared library C:\Users\GyoMok\.jdks\ms-17.0.16\bin\management_ext.dll
Event: 2.538 Loaded shared library C:\Users\GyoMok\.jdks\ms-17.0.16\bin\extnet.dll
Event: 2.761 Loaded shared library C:\Users\GyoMok\.jdks\ms-17.0.16\bin\sunmscapi.dll

Deoptimization events (20 events):
Event: 86.334 Thread 0x0000024cdf6166e0 Uncommon trap: trap_request=0xfffffff4 fr.pc=0x0000024c88ab481c relative=0x0000000000001bbc
Event: 86.334 Thread 0x0000024cdf6166e0 Uncommon trap: reason=null_check action=make_not_entrant pc=0x0000024c88ab481c method=com.sun.org.apache.xerces.internal.dom.ElementImpl.getDefaultAttributes()Lcom/sun/org/apache/xerces/internal/dom/NamedNodeMapImpl; @ 7 c2
Event: 86.334 Thread 0x0000024cdf6166e0 DEOPT PACKING pc=0x0000024c88ab481c sp=0x00000091fb2f8fd0
Event: 86.334 Thread 0x0000024cdf6166e0 DEOPT UNPACKING pc=0x0000024c875869a3 sp=0x00000091fb2f8e98 mode 2
Event: 86.990 Thread 0x0000024cdf6166e0 Uncommon trap: trap_request=0xffffff45 fr.pc=0x0000024c88abdfd8 relative=0x0000000000002638
Event: 86.990 Thread 0x0000024cdf6166e0 Uncommon trap: reason=unstable_if action=reinterpret pc=0x0000024c88abdfd8 method=com.android.ide.common.resources.configuration.FolderConfiguration.getQualifierString()Ljava/lang/String; @ 56 c2
Event: 86.990 Thread 0x0000024cdf6166e0 DEOPT PACKING pc=0x0000024c88abdfd8 sp=0x00000091fb2f9890
Event: 86.990 Thread 0x0000024cdf6166e0 DEOPT UNPACKING pc=0x0000024c875869a3 sp=0x00000091fb2f9738 mode 2
Event: 86.992 Thread 0x0000024cdf6166e0 Uncommon trap: trap_request=0xffffff45 fr.pc=0x0000024c88ac39d8 relative=0x0000000000001238
Event: 86.992 Thread 0x0000024cdf6166e0 Uncommon trap: reason=unstable_if action=reinterpret pc=0x0000024c88ac39d8 method=com.android.ide.common.resources.configuration.FolderConfiguration.getQualifierString()Ljava/lang/String; @ 56 c2
Event: 86.992 Thread 0x0000024cdf6166e0 DEOPT PACKING pc=0x0000024c88ac39d8 sp=0x00000091fb2f97a0
Event: 86.992 Thread 0x0000024cdf6166e0 DEOPT UNPACKING pc=0x0000024c875869a3 sp=0x00000091fb2f9788 mode 2
Event: 87.002 Thread 0x0000024cdf6166e0 Uncommon trap: trap_request=0xffffff45 fr.pc=0x0000024c88a4ce64 relative=0x0000000000000924
Event: 87.002 Thread 0x0000024cdf6166e0 Uncommon trap: reason=unstable_if action=reinterpret pc=0x0000024c88a4ce64 method=com.android.utils.PositionXmlParser$DomBuilder.getCurrentPosition()Lcom/android/utils/PositionXmlParser$Position; @ 65 c2
Event: 87.002 Thread 0x0000024cdf6166e0 DEOPT PACKING pc=0x0000024c88a4ce64 sp=0x00000091fb2f8ee0
Event: 87.002 Thread 0x0000024cdf6166e0 DEOPT UNPACKING pc=0x0000024c875869a3 sp=0x00000091fb2f8e68 mode 2
Event: 87.004 Thread 0x0000024cdf6166e0 Uncommon trap: trap_request=0xffffff45 fr.pc=0x0000024c88ade98c relative=0x0000000000004d2c
Event: 87.004 Thread 0x0000024cdf6166e0 Uncommon trap: reason=unstable_if action=reinterpret pc=0x0000024c88ade98c method=com.android.utils.PositionXmlParser$DomBuilder.findOpeningTag(Lcom/android/utils/PositionXmlParser$Position;)Lcom/android/utils/PositionXmlParser$Position; @ 81 c2
Event: 87.004 Thread 0x0000024cdf6166e0 DEOPT PACKING pc=0x0000024c88ade98c sp=0x00000091fb2f8f30
Event: 87.004 Thread 0x0000024cdf6166e0 DEOPT UNPACKING pc=0x0000024c875869a3 sp=0x00000091fb2f8d78 mode 2

Classes loaded (20 events):
Event: 84.777 Loading class com/sun/org/apache/xerces/internal/dom/CharacterDataImpl$1
Event: 84.777 Loading class com/sun/org/apache/xerces/internal/dom/CharacterDataImpl$1 done
Event: 84.777 Loading class com/sun/org/apache/xerces/internal/dom/AttrImpl
Event: 84.778 Loading class com/sun/org/apache/xerces/internal/dom/AttrImpl done
Event: 84.778 Loading class com/sun/org/apache/xerces/internal/dom/AttributeMap
Event: 84.779 Loading class com/sun/org/apache/xerces/internal/dom/NamedNodeMapImpl
Event: 84.779 Loading class com/sun/org/apache/xerces/internal/dom/NamedNodeMapImpl done
Event: 84.779 Loading class com/sun/org/apache/xerces/internal/dom/AttributeMap done
Event: 84.909 Loading class com/sun/org/apache/xerces/internal/dom/CommentImpl
Event: 84.909 Loading class org/w3c/dom/Comment
Event: 84.909 Loading class org/w3c/dom/Comment done
Event: 84.909 Loading class com/sun/org/apache/xerces/internal/dom/CommentImpl done
Event: 85.312 Loading class com/sun/org/apache/xerces/internal/dom/AttrNSImpl
Event: 85.312 Loading class com/sun/org/apache/xerces/internal/dom/AttrNSImpl done
Event: 87.014 Loading class java/io/FileReader
Event: 87.014 Loading class java/io/FileReader done
Event: 87.016 Loading class java/util/concurrent/ConcurrentLinkedDeque
Event: 87.017 Loading class java/util/concurrent/ConcurrentLinkedDeque done
Event: 87.017 Loading class java/util/concurrent/ConcurrentLinkedDeque$Node
Event: 87.018 Loading class java/util/concurrent/ConcurrentLinkedDeque$Node done

Classes unloaded (12 events):
Event: 14.396 Thread 0x0000024cffe1eb00 Unloading class 0x0000024c986fc918 '_BuildScript_$_run_closure1$_closure2'
Event: 14.396 Thread 0x0000024cffe1eb00 Unloading class 0x0000024c986fc530 '_BuildScript_$_run_closure1'
Event: 14.396 Thread 0x0000024cffe1eb00 Unloading class 0x0000024c986fc000 '_BuildScript_'
Event: 16.920 Thread 0x0000024cffe1eb00 Unloading class 0x0000024c987214d0 '_BuildScript_$_run_closure1$_closure3'
Event: 16.920 Thread 0x0000024cffe1eb00 Unloading class 0x0000024c987210e8 '_BuildScript_$_run_closure1$_closure2'
Event: 16.920 Thread 0x0000024cffe1eb00 Unloading class 0x0000024c98720d00 '_BuildScript_$_run_closure1'
Event: 16.920 Thread 0x0000024cffe1eb00 Unloading class 0x0000024c987207d0 '_BuildScript_'
Event: 16.920 Thread 0x0000024cffe1eb00 Unloading class 0x0000024c987203e8 'JetGradlePlugin$_apply_closure1$_closure2$_closure3'
Event: 16.920 Thread 0x0000024cffe1eb00 Unloading class 0x0000024c98720000 'JetGradlePlugin$_apply_closure1$_closure2'
Event: 16.920 Thread 0x0000024cffe1eb00 Unloading class 0x0000024c98719400 'JetGradlePlugin$_apply_closure1'
Event: 16.920 Thread 0x0000024cffe1eb00 Unloading class 0x0000024c98719ac8 'JetGradlePlugin'
Event: 16.920 Thread 0x0000024cffe1eb00 Unloading class 0x0000024c98719800 'RegistryProcessor'

Classes redefined (0 events):
No events

Internal exceptions (20 events):
Event: 83.506 Thread 0x0000024cdf617100 Exception <a 'sun/nio/fs/WindowsException'{0x000000071807c138}> (0x000000071807c138) 
thrown [s\src\hotspot\share\prims\jni.cpp, line 516]
Event: 84.159 Thread 0x0000024cdf617100 Exception <a 'java/lang/NoSuchMethodError'{0x000000071a2e24c0}: static Lcom/android/build/gradle/internal/tasks/AarMetadataArtifact;.<clinit>()V> (0x000000071a2e24c0) 
thrown [s\src\hotspot\share\prims\jni.cpp, line 1112]
Event: 84.166 Thread 0x0000024cdf6166e0 Exception <a 'sun/nio/fs/WindowsException'{0x000000071a40bcc8}> (0x000000071a40bcc8) 
thrown [s\src\hotspot\share\prims\jni.cpp, line 516]
Event: 84.237 Thread 0x0000024cdf6166e0 Exception <a 'sun/nio/fs/WindowsException'{0x000000071a1d5028}> (0x000000071a1d5028) 
thrown [s\src\hotspot\share\prims\jni.cpp, line 516]
Event: 84.277 Thread 0x0000024ce142bdf0 Exception <a 'java/lang/NoSuchMethodError'{0x0000000719e9a5a0}: 'java.lang.Object java.lang.invoke.DirectMethodHandle$Holder.invokeSpecial(java.lang.Object, java.lang.Object, long, java.lang.Object, java.lang.Object, java.lang.Object, java.lang.Object, java.lang.Object, java.lang.Object, java.lang.Object, java.lang.Object, java.lang.Object)'> (0x0000000719e9a5a0) 
thrown [s\src\hotspot\share\interpreter\linkResolver.cpp, line 759]
Event: 84.278 Thread 0x0000024ce142bdf0 Exception <a 'java/lang/NoSuchMethodError'{0x0000000719e9ed48}: 'java.lang.Object java.lang.invoke.DelegatingMethodHandle$Holder.reinvoke_L(java.lang.Object, long, java.lang.Object, java.lang.Object, java.lang.Object, java.lang.Object, java.lang.Object, java.lang.Object, java.lang.Object, java.lang.Object, java.lang.Object)'> (0x0000000719e9ed48) 
thrown [s\src\hotspot\share\interpreter\linkResolver.cpp, line 759]
Event: 84.472 Thread 0x0000024cdf6166e0 Exception <a 'sun/nio/fs/WindowsException'{0x000000071925e730}> (0x000000071925e730) 
thrown [s\src\hotspot\share\prims\jni.cpp, line 516]
Event: 84.472 Thread 0x0000024cdf6166e0 Exception <a 'sun/nio/fs/WindowsException'{0x000000071925f898}> (0x000000071925f898) 
thrown [s\src\hotspot\share\prims\jni.cpp, line 516]
Event: 84.472 Thread 0x0000024cdf6166e0 Exception <a 'sun/nio/fs/WindowsException'{0x000000071925fa20}> (0x000000071925fa20) 
thrown [s\src\hotspot\share\prims\jni.cpp, line 516]
Event: 84.549 Thread 0x0000024cdf6166e0 Exception <a 'sun/nio/fs/WindowsException'{0x000000071935b990}> (0x000000071935b990) 
thrown [s\src\hotspot\share\prims\jni.cpp, line 516]
Event: 84.566 Thread 0x0000024cdf6166e0 Exception <a 'sun/nio/fs/WindowsException'{0x00000007193b2fd8}> (0x00000007193b2fd8) 
thrown [s\src\hotspot\share\prims\jni.cpp, line 516]
Event: 84.566 Thread 0x0000024cdf6166e0 Exception <a 'sun/nio/fs/WindowsException'{0x00000007193b4190}> (0x00000007193b4190) 
thrown [s\src\hotspot\share\prims\jni.cpp, line 516]
Event: 84.566 Thread 0x0000024cdf6166e0 Exception <a 'sun/nio/fs/WindowsException'{0x00000007193b4368}> (0x00000007193b4368) 
thrown [s\src\hotspot\share\prims\jni.cpp, line 516]
Event: 84.567 Thread 0x0000024cdf6166e0 Exception <a 'sun/nio/fs/WindowsException'{0x00000007193b6798}> (0x00000007193b6798) 
thrown [s\src\hotspot\share\prims\jni.cpp, line 516]
Event: 84.584 Thread 0x0000024cdf6166e0 Exception <a 'sun/nio/fs/WindowsException'{0x00000007193f8d38}> (0x00000007193f8d38) 
thrown [s\src\hotspot\share\prims\jni.cpp, line 516]
Event: 84.584 Thread 0x0000024cdf6166e0 Exception <a 'sun/nio/fs/WindowsException'{0x00000007193fb1e8}> (0x00000007193fb1e8) 
thrown [s\src\hotspot\share\prims\jni.cpp, line 516]
Event: 84.587 Thread 0x0000024cdf6166e0 Exception <a 'sun/nio/fs/WindowsException'{0x00000007193fd018}> (0x00000007193fd018) 
thrown [s\src\hotspot\share\prims\jni.cpp, line 516]
Event: 84.588 Thread 0x0000024cdf6166e0 Exception <a 'sun/nio/fs/WindowsException'{0x00000007193ff118}> (0x00000007193ff118) 
thrown [s\src\hotspot\share\prims\jni.cpp, line 516]
Event: 84.588 Thread 0x0000024cdf6166e0 Exception <a 'sun/nio/fs/WindowsException'{0x0000000719007970}> (0x0000000719007970) 
thrown [s\src\hotspot\share\prims\jni.cpp, line 516]
Event: 86.334 Thread 0x0000024cdf6166e0 Implicit null exception at 0x0000024c88ab36d2 to 0x0000024c88ab47fc

VM Operations (20 events):
Event: 84.234 Executing VM operation: HandshakeAllThreads
Event: 84.252 Executing VM operation: HandshakeAllThreads done
Event: 84.496 Executing VM operation: HandshakeAllThreads
Event: 84.497 Executing VM operation: HandshakeAllThreads done
Event: 84.500 Executing VM operation: HandshakeAllThreads
Event: 84.500 Executing VM operation: HandshakeAllThreads done
Event: 84.506 Executing VM operation: HandshakeAllThreads
Event: 84.518 Executing VM operation: HandshakeAllThreads done
Event: 84.554 Executing VM operation: ICBufferFull
Event: 84.554 Executing VM operation: ICBufferFull done
Event: 85.314 Executing VM operation: HandshakeAllThreads
Event: 85.314 Executing VM operation: HandshakeAllThreads done
Event: 85.370 Executing VM operation: ICBufferFull
Event: 85.371 Executing VM operation: ICBufferFull done
Event: 85.965 Executing VM operation: G1CollectForAllocation
Event: 85.978 Executing VM operation: G1CollectForAllocation done
Event: 86.987 Executing VM operation: Cleanup
Event: 86.988 Executing VM operation: Cleanup done
Event: 87.077 Executing VM operation: HandshakeAllThreads
Event: 87.078 Executing VM operation: HandshakeAllThreads done

Memory protections (0 events):
No events

Nmethod flushes (20 events):
Event: 75.512 Thread 0x0000024cffe5e430 flushing  nmethod 0x0000024c828b1e10
Event: 75.512 Thread 0x0000024cffe5e430 flushing  nmethod 0x0000024c828b2310
Event: 75.512 Thread 0x0000024cffe5e430 flushing  nmethod 0x0000024c828b3b90
Event: 75.512 Thread 0x0000024cffe5e430 flushing  nmethod 0x0000024c828b4390
Event: 75.512 Thread 0x0000024cffe5e430 flushing  nmethod 0x0000024c828b5510
Event: 75.512 Thread 0x0000024cffe5e430 flushing  nmethod 0x0000024c828d2b90
Event: 75.512 Thread 0x0000024cffe5e430 flushing  nmethod 0x0000024c828d6e90
Event: 75.512 Thread 0x0000024cffe5e430 flushing  nmethod 0x0000024c828d7810
Event: 75.512 Thread 0x0000024cffe5e430 flushing  nmethod 0x0000024c828e5390
Event: 75.512 Thread 0x0000024cffe5e430 flushing  nmethod 0x0000024c828e8e10
Event: 75.512 Thread 0x0000024cffe5e430 flushing  nmethod 0x0000024c82905d90
Event: 75.512 Thread 0x0000024cffe5e430 flushing  nmethod 0x0000024c8291c410
Event: 75.512 Thread 0x0000024cffe5e430 flushing  nmethod 0x0000024c82972e90
Event: 75.513 Thread 0x0000024cffe5e430 flushing  nmethod 0x0000024c829fe890
Event: 75.513 Thread 0x0000024cffe5e430 flushing  nmethod 0x0000024c82a14190
Event: 84.531 Thread 0x0000024cffe5e430 flushing  nmethod 0x0000024c80741d90
Event: 84.543 Thread 0x0000024cffe5e430 flushing  nmethod 0x0000024c81861510
Event: 84.543 Thread 0x0000024cffe5e430 flushing  nmethod 0x0000024c8188cb10
Event: 84.543 Thread 0x0000024cffe5e430 flushing  nmethod 0x0000024c81892090
Event: 84.550 Thread 0x0000024cffe5e430 flushing  nmethod 0x0000024c82289210

Events (20 events):
Event: 81.241 Thread 0x0000024cdd9634f0 Thread added: 0x0000024cdf6110d0
Event: 81.241 Thread 0x0000024cdd9634f0 Thread added: 0x0000024cdf612510
Event: 81.291 Thread 0x0000024cdd9634f0 Thread added: 0x0000024cdf6115e0
Event: 81.347 Thread 0x0000024cdd9634f0 Thread added: 0x0000024cdf611af0
Event: 83.209 Thread 0x0000024cdd9634f0 Thread added: 0x0000024cdf618a50
Event: 83.209 Thread 0x0000024cdd9634f0 Thread added: 0x0000024cdf6161d0
Event: 83.232 Thread 0x0000024cdd9634f0 Thread added: 0x0000024cdf6166e0
Event: 83.233 Thread 0x0000024cdf6166e0 Thread added: 0x0000024cdf616bf0
Event: 83.234 Thread 0x0000024cdf6166e0 Thread added: 0x0000024cdf617100
Event: 83.234 Thread 0x0000024cdf6166e0 Thread added: 0x0000024cdf617610
Event: 83.236 Thread 0x0000024cdf6166e0 Thread added: 0x0000024ce1429f90
Event: 83.824 Thread 0x0000024cdf617100 Thread added: 0x0000024ce142a4a0
Event: 83.824 Thread 0x0000024cdf617100 Thread added: 0x0000024ce1428130
Event: 83.824 Thread 0x0000024cdf617100 Thread added: 0x0000024ce1428b50
Event: 84.164 Thread 0x0000024cdf617100 Thread added: 0x0000024ce142bdf0
Event: 84.285 Thread 0x0000024cdf6166e0 Thread added: 0x0000024ce142d740
Event: 84.290 Thread 0x0000024cdf6166e0 Thread added: 0x0000024ce142f5a0
Event: 84.293 Thread 0x0000024cdf6166e0 Thread added: 0x0000024ce142e160
Event: 85.901 Thread 0x0000024ce010d250 Thread exited: 0x0000024ce010d250
Event: 85.997 Thread 0x0000024cffe430c0 Thread added: 0x0000024ce010e240


Dynamic libraries:
0x00007ff6bf1e0000 - 0x00007ff6bf1ee000 	C:\Users\GyoMok\.jdks\ms-17.0.16\bin\java.exe
0x00007ffb89980000 - 0x00007ffb89be8000 	C:\WINDOWS\SYSTEM32\ntdll.dll
0x00007ffb87e80000 - 0x00007ffb87f49000 	C:\WINDOWS\System32\KERNEL32.DLL
0x00007ffb86d10000 - 0x00007ffb87102000 	C:\WINDOWS\System32\KERNELBASE.dll
0x00007ffb873c0000 - 0x00007ffb8750b000 	C:\WINDOWS\System32\ucrtbase.dll
0x00007ffb7a910000 - 0x00007ffb7a928000 	C:\Users\GyoMok\.jdks\ms-17.0.16\bin\jli.dll
0x00007ffb78590000 - 0x00007ffb785ae000 	C:\Users\GyoMok\.jdks\ms-17.0.16\bin\VCRUNTIME140.dll
0x00007ffb895f0000 - 0x00007ffb897b5000 	C:\WINDOWS\System32\USER32.dll
0x00007ffb87390000 - 0x00007ffb873b7000 	C:\WINDOWS\System32\win32u.dll
0x00007ffb69530000 - 0x00007ffb697c3000 	C:\WINDOWS\WinSxS\amd64_microsoft.windows.common-controls_6595b64144ccf1df_6.0.26100.6899_none_3e0efeeae32e88c1\COMCTL32.dll
0x00007ffb87dd0000 - 0x00007ffb87e79000 	C:\WINDOWS\System32\msvcrt.dll
0x00007ffb87fd0000 - 0x00007ffb87ffb000 	C:\WINDOWS\System32\GDI32.dll
0x00007ffb87110000 - 0x00007ffb8723d000 	C:\WINDOWS\System32\gdi32full.dll
0x00007ffb87240000 - 0x00007ffb872e3000 	C:\WINDOWS\System32\msvcp_win.dll
0x00007ffb88bb0000 - 0x00007ffb88bdf000 	C:\WINDOWS\System32\IMM32.DLL
0x00007ffb7b1a0000 - 0x00007ffb7b1ac000 	C:\Users\GyoMok\.jdks\ms-17.0.16\bin\vcruntime140_1.dll
0x00007ffb60970000 - 0x00007ffb609f9000 	C:\Users\GyoMok\.jdks\ms-17.0.16\bin\msvcp140.dll
0x00007ffb3a530000 - 0x00007ffb3b1aa000 	C:\Users\GyoMok\.jdks\ms-17.0.16\bin\server\jvm.dll
0x00007ffb882c0000 - 0x00007ffb88374000 	C:\WINDOWS\System32\ADVAPI32.dll
0x00007ffb87d20000 - 0x00007ffb87dc6000 	C:\WINDOWS\System32\sechost.dll
0x00007ffb87c00000 - 0x00007ffb87d18000 	C:\WINDOWS\System32\RPCRT4.dll
0x00007ffb897c0000 - 0x00007ffb89834000 	C:\WINDOWS\System32\WS2_32.dll
0x00007ffb80420000 - 0x00007ffb80455000 	C:\WINDOWS\SYSTEM32\WINMM.dll
0x00007ffb86990000 - 0x00007ffb869ee000 	C:\WINDOWS\SYSTEM32\POWRPROF.dll
0x00007ffb814e0000 - 0x00007ffb814eb000 	C:\WINDOWS\SYSTEM32\VERSION.dll
0x00007ffb86970000 - 0x00007ffb86984000 	C:\WINDOWS\SYSTEM32\UMPDC.dll
0x00007ffb858a0000 - 0x00007ffb858bb000 	C:\WINDOWS\SYSTEM32\kernel.appcore.dll
0x00007ffb7aa40000 - 0x00007ffb7aa4a000 	C:\Users\GyoMok\.jdks\ms-17.0.16\bin\jimage.dll
0x00007ffb7b640000 - 0x00007ffb7b882000 	C:\WINDOWS\SYSTEM32\DBGHELP.DLL
0x00007ffb887b0000 - 0x00007ffb88b2b000 	C:\WINDOWS\System32\combase.dll
0x00007ffb883e0000 - 0x00007ffb884b7000 	C:\WINDOWS\System32\OLEAUT32.dll
0x00007ffb78640000 - 0x00007ffb7867c000 	C:\WINDOWS\SYSTEM32\dbgcore.DLL
0x00007ffb872f0000 - 0x00007ffb87388000 	C:\WINDOWS\System32\bcryptPrimitives.dll
0x00007ffb7a950000 - 0x00007ffb7a95f000 	C:\Users\GyoMok\.jdks\ms-17.0.16\bin\instrument.dll
0x00007ffb75d70000 - 0x00007ffb75d96000 	C:\Users\GyoMok\.jdks\ms-17.0.16\bin\java.dll
0x00007ffb4d690000 - 0x00007ffb4d766000 	C:\Users\GyoMok\.jdks\ms-17.0.16\bin\jsvml.dll
0x00007ffb88de0000 - 0x00007ffb8952d000 	C:\WINDOWS\System32\SHELL32.dll
0x00007ffb86ba0000 - 0x00007ffb86d0b000 	C:\WINDOWS\System32\wintypes.dll
0x00007ffb84740000 - 0x00007ffb84f9d000 	C:\WINDOWS\SYSTEM32\windows.storage.dll
0x00007ffb88010000 - 0x00007ffb88102000 	C:\WINDOWS\System32\SHCORE.dll
0x00007ffb88b40000 - 0x00007ffb88ba2000 	C:\WINDOWS\System32\shlwapi.dll
0x00007ffb86a30000 - 0x00007ffb86a59000 	C:\WINDOWS\SYSTEM32\profapi.dll
0x00007ffb76160000 - 0x00007ffb76178000 	C:\Users\GyoMok\.jdks\ms-17.0.16\bin\zip.dll
0x00007ffb754f0000 - 0x00007ffb7550b000 	C:\Users\GyoMok\.jdks\ms-17.0.16\bin\net.dll
0x00007ffb802f0000 - 0x00007ffb8040f000 	C:\WINDOWS\SYSTEM32\WINHTTP.dll
0x00007ffb85df0000 - 0x00007ffb85e5b000 	C:\WINDOWS\system32\mswsock.dll
0x00007ffb75450000 - 0x00007ffb75466000 	C:\Users\GyoMok\.jdks\ms-17.0.16\bin\nio.dll
0x00007ffb78750000 - 0x00007ffb78760000 	C:\Users\GyoMok\.jdks\ms-17.0.16\bin\verify.dll
0x00007ffb79df0000 - 0x00007ffb79e17000 	C:\Users\GyoMok\.gradle\native\1def1411415f61bf3af743bc5b6707747c0891f09f0c88961ee8f79bc544acac\windows-amd64\native-platform.dll
0x00007ffb683b0000 - 0x00007ffb68428000 	C:\Users\GyoMok\.gradle\native\0.2.7\x86_64-windows-gnu\gradle-fileevents.dll
0x00007ffb78460000 - 0x00007ffb7846a000 	C:\Users\GyoMok\.jdks\ms-17.0.16\bin\management.dll
0x00007ffb78180000 - 0x00007ffb7818c000 	C:\Users\GyoMok\.jdks\ms-17.0.16\bin\management_ext.dll
0x00007ffb88b30000 - 0x00007ffb88b38000 	C:\WINDOWS\System32\PSAPI.DLL
0x00007ffb852f0000 - 0x00007ffb85324000 	C:\WINDOWS\SYSTEM32\IPHLPAPI.DLL
0x00007ffb88dd0000 - 0x00007ffb88dda000 	C:\WINDOWS\System32\NSI.dll
0x00007ffb802c0000 - 0x00007ffb802de000 	C:\WINDOWS\SYSTEM32\dhcpcsvc6.DLL
0x00007ffb80250000 - 0x00007ffb80273000 	C:\WINDOWS\SYSTEM32\dhcpcsvc.DLL
0x00007ffb85330000 - 0x00007ffb85456000 	C:\WINDOWS\SYSTEM32\DNSAPI.dll
0x00007ffb78080000 - 0x00007ffb78089000 	C:\Users\GyoMok\.jdks\ms-17.0.16\bin\extnet.dll
0x00007ffb861d0000 - 0x00007ffb861eb000 	C:\WINDOWS\SYSTEM32\CRYPTSP.dll
0x00007ffb85800000 - 0x00007ffb8583b000 	C:\WINDOWS\system32\rsaenh.dll
0x00007ffb85e90000 - 0x00007ffb85ebb000 	C:\WINDOWS\SYSTEM32\USERENV.dll
0x00007ffb86a00000 - 0x00007ffb86a26000 	C:\WINDOWS\SYSTEM32\bcrypt.dll
0x00007ffb86030000 - 0x00007ffb8603c000 	C:\WINDOWS\SYSTEM32\CRYPTBASE.dll
0x00007ffb78040000 - 0x00007ffb7804e000 	C:\Users\GyoMok\.jdks\ms-17.0.16\bin\sunmscapi.dll
0x00007ffb875d0000 - 0x00007ffb87747000 	C:\WINDOWS\System32\CRYPT32.dll
0x00007ffb86320000 - 0x00007ffb86350000 	C:\WINDOWS\SYSTEM32\ncrypt.dll
0x00007ffb862d0000 - 0x00007ffb8630f000 	C:\WINDOWS\SYSTEM32\NTASN1.dll
0x00007ffb80ff0000 - 0x00007ffb80ff8000 	C:\WINDOWS\system32\wshunix.dll
0x00007ffb67270000 - 0x00007ffb67288000 	C:\WINDOWS\system32\napinsp.dll
0x00007ffb67250000 - 0x00007ffb67262000 	C:\WINDOWS\System32\winrnr.dll
0x00007ffb67220000 - 0x00007ffb67248000 	C:\WINDOWS\system32\nlansp_c.dll
0x00007ffb67200000 - 0x00007ffb67216000 	C:\WINDOWS\system32\wshbth.dll
0x00007ffb7c9f0000 - 0x00007ffb7c9fb000 	C:\Windows\System32\rasadhlp.dll
0x00007ffb7e010000 - 0x00007ffb7e096000 	C:\WINDOWS\System32\fwpuclnt.dll

dbghelp: loaded successfully - version: 4.0.5 - missing functions: none
symbol engine: initialized successfully - sym options: 0x614 - pdb path: .;C:\Users\GyoMok\.jdks\ms-17.0.16\bin;C:\WINDOWS\SYSTEM32;C:\WINDOWS\WinSxS\amd64_microsoft.windows.common-controls_6595b64144ccf1df_6.0.26100.6899_none_3e0efeeae32e88c1;C:\Users\GyoMok\.jdks\ms-17.0.16\bin\server;C:\Users\GyoMok\.gradle\native\1def1411415f61bf3af743bc5b6707747c0891f09f0c88961ee8f79bc544acac\windows-amd64;C:\Users\GyoMok\.gradle\native\0.2.7\x86_64-windows-gnu

VM Arguments:
jvm_args: --add-opens=java.base/java.lang=ALL-UNNAMED --add-opens=java.base/java.lang.invoke=ALL-UNNAMED --add-opens=java.base/java.util=ALL-UNNAMED --add-opens=java.prefs/java.util.prefs=ALL-UNNAMED --add-exports=jdk.compiler/com.sun.tools.javac.api=ALL-UNNAMED --add-exports=jdk.compiler/com.sun.tools.javac.util=ALL-UNNAMED --add-opens=java.base/java.util=ALL-UNNAMED --add-opens=java.prefs/java.util.prefs=ALL-UNNAMED --add-opens=java.base/java.nio.charset=ALL-UNNAMED --add-opens=java.base/java.net=ALL-UNNAMED --add-opens=java.base/java.util.concurrent.atomic=ALL-UNNAMED --add-opens=java.xml/javax.xml.namespace=ALL-UNNAMED -Xmx4096m -Dfile.encoding=UTF-8 -Duser.country=419 -Duser.language=es -Duser.variant -javaagent:C:\Users\GyoMok\.gradle\wrapper\dists\gradle-8.13-bin\5xuhj0ry160q40clulazy9h7d\gradle-8.13\lib\agents\gradle-instrumentation-agent-8.13.jar 
java_command: org.gradle.launcher.daemon.bootstrap.GradleDaemon 8.13
java_class_path (initial): C:\Users\GyoMok\.gradle\wrapper\dists\gradle-8.13-bin\5xuhj0ry160q40clulazy9h7d\gradle-8.13\lib\gradle-daemon-main-8.13.jar
Launcher Type: SUN_STANDARD

[Global flags]
     intx CICompilerCount                          = 3                                         {product} {ergonomic}
     uint ConcGCThreads                            = 1                                         {product} {ergonomic}
     uint G1ConcRefinementThreads                  = 4                                         {product} {ergonomic}
   size_t G1HeapRegionSize                         = 2097152                                   {product} {ergonomic}
    uintx GCDrainStackTargetSize                   = 64                                        {product} {ergonomic}
   size_t InitialHeapSize                          = 234881024                                 {product} {ergonomic}
   size_t MarkStackSize                            = 4194304                                   {product} {ergonomic}
   size_t MaxHeapSize                              = 4294967296                                {product} {command line}
   size_t MaxNewSize                               = 2575302656                                {product} {ergonomic}
   size_t MinHeapDeltaBytes                        = 2097152                                   {product} {ergonomic}
   size_t MinHeapSize                              = 8388608                                   {product} {ergonomic}
    uintx NonNMethodCodeHeapSize                   = 5832780                                {pd product} {ergonomic}
    uintx NonProfiledCodeHeapSize                  = 122912730                              {pd product} {ergonomic}
    uintx ProfiledCodeHeapSize                     = 122912730                              {pd product} {ergonomic}
    uintx ReservedCodeCacheSize                    = 251658240                              {pd product} {ergonomic}
     bool SegmentedCodeCache                       = true                                      {product} {ergonomic}
   size_t SoftMaxHeapSize                          = 4294967296                             {manageable} {ergonomic}
     bool UseCompressedClassPointers               = true                           {product lp64_product} {ergonomic}
     bool UseCompressedOops                        = true                           {product lp64_product} {ergonomic}
     bool UseG1GC                                  = true                                      {product} {ergonomic}
     bool UseLargePagesIndividualAllocation        = false                                  {pd product} {ergonomic}

Logging:
Log output configuration:
 #0: stdout all=warning uptime,level,tags
 #1: stderr all=off uptime,level,tags

Environment Variables:
PATH=C:\app\GyoMok\product\21c\dbhomeXE\bin;C:\WINDOWS\system32;C:\WINDOWS;C:\WINDOWS\System32\Wbem;C:\WINDOWS\System32\WindowsPowerShell\v1.0\;C:\WINDOWS\System32\OpenSSH\;C:\Program Files (x86)\ZeroTier\One\;C:\Users\GyoMok\AppData\Local\Programs\Python\Launcher\;C:\Users\GyoMok\AppData\Local\Microsoft\WindowsApps;C:\Users\GyoMok\AppData\Local\Programs\Microsoft VS Code\bin;C:\Users\GyoMok\AppData\Local\GitHubDesktop\bin
USERNAME=GyoMok
OS=Windows_NT
PROCESSOR_IDENTIFIER=AMD64 Family 23 Model 24 Stepping 1, AuthenticAMD
TMP=C:\Users\GyoMok\AppData\Local\Temp
TEMP=C:\Users\GyoMok\AppData\Local\Temp



Periodic native trim disabled


---------------  S Y S T E M  ---------------

OS:
 Windows 11 , 64 bit Build 26100 (10.0.26100.6725)
OS uptime: 1 days 2:06 hours
Hyper-V role detected

CPU: total 4 (initial active 4) (4 cores per cpu, 1 threads per core) family 23 model 24 stepping 1 microcode 0x8108109, cx8, cmov, fxsr, mmx, 3dnowpref, sse, sse2, sse3, ssse3, sse4a, sse4.1, sse4.2, popcnt, lzcnt, tsc, tscinvbit, avx, avx2, aes, clmul, bmi1, bmi2, adx, sha, fma, vzeroupper, clflush, clflushopt, hv
Processor Information for the first 4 processors :
  Max Mhz: 3600, Current Mhz: 3600, Mhz Limit: 3600

Memory: 4k page, system-wide physical 14269M (2425M free)
TotalPageFile size 18365M (AvailPageFile size 11M)
current process WorkingSet (physical memory assigned to process): 881M, peak: 892M
current process commit charge ("private bytes"): 921M, peak: 931M

vm_info: OpenJDK 64-Bit Server VM (17.0.16+8-LTS) for windows-amd64 JRE (17.0.16+8-LTS), built on Jul 10 2025 00:24:24 by "MicrosoftCorporation" with unknown MS VC++:1944

END.
